!----------------------
[ORDER_INFO] GPT180116NC00005 : 주문부족금액 =  11990
[MEMBER_INFO] 140 : 선입금액 = 144147680 / 주문부족금액 = 687510
[PROC_INFO] 주문부족금액 <= 선입금액 :  11990 <= 144147680
!----------------------
[ORDER_INFO] GPT180530ST00008 : 주문부족금액 =  13750
[MEMBER_INFO] 4323 : 선입금액 = 0 / 주문부족금액 = 13750
[PROC_INFO] 선입금액 없음 : 0
!----------------------
[ORDER_INFO] GPT180605NC00001 : 주문부족금액 =  15106
[MEMBER_INFO] 4312 : 선입금액 = 0 / 주문부족금액 = 15106
[PROC_INFO] 선입금액 없음 : 0
!----------------------
[ORDER_INFO] GPT180605NC00001 : 주문부족금액 =  15106
[MEMBER_INFO] 4312 : 선입금액 = 60000 / 주문부족금액 = 15106
[PROC_INFO] 주문부족금액 <= 선입금액 :  15106 <= 60000
!----------------------
[ORDER_INFO] GPT180605ST00002 : 주문부족금액 =  11056
[MEMBER_INFO] 4312 : 선입금액 = 0 / 주문부족금액 = 0
[PROC_INFO] 선입금액 없음 : 0
!----------------------
[ORDER_INFO] GPT180605ST00002 : 주문부족금액 =  11056
[MEMBER_INFO] 4312 : 선입금액 = 0 / 주문부족금액 = 0
[PROC_INFO] 선입금액 없음 : 0
!----------------------
[ORDER_INFO] GPT180605ST00002 : 주문부족금액 =  11056
[MEMBER_INFO] 4312 : 선입금액 = 0 / 주문부족금액 = 11000
[PROC_INFO] 선입금액 없음 : 0
!----------------------
[ORDER_INFO] GPT180605ST00002 : 주문부족금액 =  11056
[MEMBER_INFO] 4312 : 선입금액 = 16300 / 주문부족금액 = 11056
[PROC_INFO] 주문부족금액 <= 선입금액 :  11056 <= 16300
!----------------------
[ORDER_INFO] GPT180605NC00004 : 주문부족금액 =  32470
[MEMBER_INFO] 4346 : 선입금액 = 34000 / 주문부족금액 = 32470
[PROC_INFO] 주문부족금액 <= 선입금액 :  32470 <= 34000
