
넘어간다아아아

=============1번 시트============
카운트 : 48
가격 : 10000

현재 인덱스 : 0

=============1번 시트============
카운트 : 48
가격 : 20000

현재 인덱스 : 1

=============1번 시트============
카운트 : 48
가격 : 30000

현재 인덱스 : 2

=============1번 시트============
카운트 : 48
가격 : 10000

현재 인덱스 : 3

=============1번 시트============
카운트 : 48
가격 : 20000

현재 인덱스 : 4

=============1번 시트============
카운트 : 48
가격 : 30000

현재 인덱스 : 5

=============1번 시트============
카운트 : 48
가격 : 10000

현재 인덱스 : 6

=============1번 시트============
카운트 : 48
가격 : 20000

현재 인덱스 : 7

=============1번 시트============
카운트 : 48
가격 : 30000

현재 인덱스 : 8

=============1번 시트============
카운트 : 48
가격 : 10000

현재 인덱스 : 9

=============1번 시트============
카운트 : 48
가격 : 20000

현재 인덱스 : 10

=============1번 시트============
카운트 : 48
가격 : 30000

현재 인덱스 : 11

=============1번 시트============
카운트 : 48
가격 : 10000

현재 인덱스 : 12

=============1번 시트============
카운트 : 48
가격 : 20000

현재 인덱스 : 13

=============1번 시트============
카운트 : 48
가격 : 30000

현재 인덱스 : 14

=============1번 시트============
카운트 : 48
가격 : 10000

현재 인덱스 : 15

=============1번 시트============
카운트 : 48
가격 : 20000

현재 인덱스 : 16

=============1번 시트============
카운트 : 48
가격 : 30000

현재 인덱스 : 17

=============1번 시트============
카운트 : 48
가격 : 10000

현재 인덱스 : 18

=============1번 시트============
카운트 : 48
가격 : 20000

현재 인덱스 : 19

=============1번 시트============
카운트 : 48
가격 : 30000

현재 인덱스 : 20

=============1번 시트============
카운트 : 48
가격 : 10000

현재 인덱스 : 21

=============1번 시트============
카운트 : 48
가격 : 20000

현재 인덱스 : 22

=============1번 시트============
카운트 : 48
가격 : 30000

현재 인덱스 : 23

=============1번 시트============
카운트 : 48
가격 : 10000

현재 인덱스 : 24

=============1번 시트============
카운트 : 48
가격 : 20000

현재 인덱스 : 25

=============1번 시트============
카운트 : 48
가격 : 30000

현재 인덱스 : 26

=============1번 시트============
카운트 : 48
가격 : 10000

현재 인덱스 : 27

=============1번 시트============
카운트 : 48
가격 : 20000

현재 인덱스 : 28

=============1번 시트============
카운트 : 48
가격 : 30000

현재 인덱스 : 29

=============1번 시트============
카운트 : 48
가격 : 10000

현재 인덱스 : 30

=============1번 시트============
카운트 : 48
가격 : 20000

현재 인덱스 : 31

=============1번 시트============
카운트 : 48
가격 : 30000

현재 인덱스 : 32

=============1번 시트============
카운트 : 48
가격 : 10000

현재 인덱스 : 33

=============1번 시트============
카운트 : 48
가격 : 20000

현재 인덱스 : 34

=============1번 시트============
카운트 : 48
가격 : 30000

현재 인덱스 : 35

=============1번 시트============
카운트 : 48
가격 : 10000

현재 인덱스 : 36

=============1번 시트============
카운트 : 48
가격 : 20000

현재 인덱스 : 37

=============1번 시트============
카운트 : 48
가격 : 30000

현재 인덱스 : 38

=============1번 시트============
카운트 : 48
가격 : 10000

현재 인덱스 : 39

=============1번 시트============
카운트 : 48
가격 : 20000

현재 인덱스 : 40

=============1번 시트============
카운트 : 48
가격 : 30000

현재 인덱스 : 41

=============1번 시트============
카운트 : 48
가격 : 10000

현재 인덱스 : 42

=============1번 시트============
카운트 : 48
가격 : 20000

현재 인덱스 : 43

=============1번 시트============
카운트 : 48
가격 : 30000

현재 인덱스 : 44

=============1번 시트============
카운트 : 48
가격 : 10000

현재 인덱스 : 45

=============1번 시트============
카운트 : 48
가격 : 20000

현재 인덱스 : 46

=============1번 시트============
카운트 : 48
가격 : 30000

현재 인덱스 : 47

최종 데이터다악
Array
(
    [0] => Array
        (
            [amt] => 200
            [cate_sortcode] => 005001004
            [cate_paper_mpcode] => 1904
            [cate_stan_mpcode] => 918
            [cate_beforeside_print_mpcode] => 381
            [cate_beforeside_add_print_mpcode] => 0
            [cate_aftside_print_mpcode] => 0
            [cate_aftside_add_print_mpcode] => 0
            [page] => 4
            [page_dvs] => 내지
            [page_detail] => 
            [basic_price] => 10000
            [rate] => 0
            [aplc_price] => 0
            [new_price] => 10000
        )

    [1] => Array
        (
            [amt] => 500
            [cate_sortcode] => 005001004
            [cate_paper_mpcode] => 1904
            [cate_stan_mpcode] => 918
            [cate_beforeside_print_mpcode] => 381
            [cate_beforeside_add_print_mpcode] => 0
            [cate_aftside_print_mpcode] => 0
            [cate_aftside_add_print_mpcode] => 0
            [page] => 4
            [page_dvs] => 내지
            [page_detail] => 
            [basic_price] => 20000
            [rate] => 0
            [aplc_price] => 0
            [new_price] => 20000
        )

    [2] => Array
        (
            [amt] => 1000
            [cate_sortcode] => 005001004
            [cate_paper_mpcode] => 1904
            [cate_stan_mpcode] => 918
            [cate_beforeside_print_mpcode] => 381
            [cate_beforeside_add_print_mpcode] => 0
            [cate_aftside_print_mpcode] => 0
            [cate_aftside_add_print_mpcode] => 0
            [page] => 4
            [page_dvs] => 내지
            [page_detail] => 
            [basic_price] => 30000
            [rate] => 0
            [aplc_price] => 0
            [new_price] => 30000
        )

    [3] => Array
        (
            [amt] => 200
            [cate_sortcode] => 005001004
            [cate_paper_mpcode] => 1904
            [cate_stan_mpcode] => 918
            [cate_beforeside_print_mpcode] => 382
            [cate_beforeside_add_print_mpcode] => 0
            [cate_aftside_print_mpcode] => 0
            [cate_aftside_add_print_mpcode] => 0
            [page] => 4
            [page_dvs] => 내지
            [page_detail] => 
            [basic_price] => 10000
            [rate] => 0
            [aplc_price] => 0
            [new_price] => 10000
        )

    [4] => Array
        (
            [amt] => 500
            [cate_sortcode] => 005001004
            [cate_paper_mpcode] => 1904
            [cate_stan_mpcode] => 918
            [cate_beforeside_print_mpcode] => 382
            [cate_beforeside_add_print_mpcode] => 0
            [cate_aftside_print_mpcode] => 0
            [cate_aftside_add_print_mpcode] => 0
            [page] => 4
            [page_dvs] => 내지
            [page_detail] => 
            [basic_price] => 20000
            [rate] => 0
            [aplc_price] => 0
            [new_price] => 20000
        )

    [5] => Array
        (
            [amt] => 1000
            [cate_sortcode] => 005001004
            [cate_paper_mpcode] => 1904
            [cate_stan_mpcode] => 918
            [cate_beforeside_print_mpcode] => 382
            [cate_beforeside_add_print_mpcode] => 0
            [cate_aftside_print_mpcode] => 0
            [cate_aftside_add_print_mpcode] => 0
            [page] => 4
            [page_dvs] => 내지
            [page_detail] => 
            [basic_price] => 30000
            [rate] => 0
            [aplc_price] => 0
            [new_price] => 30000
        )

    [6] => Array
        (
            [amt] => 200
            [cate_sortcode] => 005001004
            [cate_paper_mpcode] => 1904
            [cate_stan_mpcode] => 919
            [cate_beforeside_print_mpcode] => 381
            [cate_beforeside_add_print_mpcode] => 0
            [cate_aftside_print_mpcode] => 0
            [cate_aftside_add_print_mpcode] => 0
            [page] => 4
            [page_dvs] => 내지
            [page_detail] => 
            [basic_price] => 10000
            [rate] => 0
            [aplc_price] => 0
            [new_price] => 10000
        )

    [7] => Array
        (
            [amt] => 500
            [cate_sortcode] => 005001004
            [cate_paper_mpcode] => 1904
            [cate_stan_mpcode] => 919
            [cate_beforeside_print_mpcode] => 381
            [cate_beforeside_add_print_mpcode] => 0
            [cate_aftside_print_mpcode] => 0
            [cate_aftside_add_print_mpcode] => 0
            [page] => 4
            [page_dvs] => 내지
            [page_detail] => 
            [basic_price] => 20000
            [rate] => 0
            [aplc_price] => 0
            [new_price] => 20000
        )

    [8] => Array
        (
            [amt] => 1000
            [cate_sortcode] => 005001004
            [cate_paper_mpcode] => 1904
            [cate_stan_mpcode] => 919
            [cate_beforeside_print_mpcode] => 381
            [cate_beforeside_add_print_mpcode] => 0
            [cate_aftside_print_mpcode] => 0
            [cate_aftside_add_print_mpcode] => 0
            [page] => 4
            [page_dvs] => 내지
            [page_detail] => 
            [basic_price] => 30000
            [rate] => 0
            [aplc_price] => 0
            [new_price] => 30000
        )

    [9] => Array
        (
            [amt] => 200
            [cate_sortcode] => 005001004
            [cate_paper_mpcode] => 1904
            [cate_stan_mpcode] => 919
            [cate_beforeside_print_mpcode] => 382
            [cate_beforeside_add_print_mpcode] => 0
            [cate_aftside_print_mpcode] => 0
            [cate_aftside_add_print_mpcode] => 0
            [page] => 4
            [page_dvs] => 내지
            [page_detail] => 
            [basic_price] => 10000
            [rate] => 0
            [aplc_price] => 0
            [new_price] => 10000
        )

    [10] => Array
        (
            [amt] => 500
            [cate_sortcode] => 005001004
            [cate_paper_mpcode] => 1904
            [cate_stan_mpcode] => 919
            [cate_beforeside_print_mpcode] => 382
            [cate_beforeside_add_print_mpcode] => 0
            [cate_aftside_print_mpcode] => 0
            [cate_aftside_add_print_mpcode] => 0
            [page] => 4
            [page_dvs] => 내지
            [page_detail] => 
            [basic_price] => 20000
            [rate] => 0
            [aplc_price] => 0
            [new_price] => 20000
        )

    [11] => Array
        (
            [amt] => 1000
            [cate_sortcode] => 005001004
            [cate_paper_mpcode] => 1904
            [cate_stan_mpcode] => 919
            [cate_beforeside_print_mpcode] => 382
            [cate_beforeside_add_print_mpcode] => 0
            [cate_aftside_print_mpcode] => 0
            [cate_aftside_add_print_mpcode] => 0
            [page] => 4
            [page_dvs] => 내지
            [page_detail] => 
            [basic_price] => 30000
            [rate] => 0
            [aplc_price] => 0
            [new_price] => 30000
        )

    [12] => Array
        (
            [amt] => 200
            [cate_sortcode] => 005001004
            [cate_paper_mpcode] => 1904
            [cate_stan_mpcode] => 916
            [cate_beforeside_print_mpcode] => 381
            [cate_beforeside_add_print_mpcode] => 0
            [cate_aftside_print_mpcode] => 0
            [cate_aftside_add_print_mpcode] => 0
            [page] => 4
            [page_dvs] => 내지
            [page_detail] => 
            [basic_price] => 10000
            [rate] => 0
            [aplc_price] => 0
            [new_price] => 10000
        )

    [13] => Array
        (
            [amt] => 500
            [cate_sortcode] => 005001004
            [cate_paper_mpcode] => 1904
            [cate_stan_mpcode] => 916
            [cate_beforeside_print_mpcode] => 381
            [cate_beforeside_add_print_mpcode] => 0
            [cate_aftside_print_mpcode] => 0
            [cate_aftside_add_print_mpcode] => 0
            [page] => 4
            [page_dvs] => 내지
            [page_detail] => 
            [basic_price] => 20000
            [rate] => 0
            [aplc_price] => 0
            [new_price] => 20000
        )

    [14] => Array
        (
            [amt] => 1000
            [cate_sortcode] => 005001004
            [cate_paper_mpcode] => 1904
            [cate_stan_mpcode] => 916
            [cate_beforeside_print_mpcode] => 381
            [cate_beforeside_add_print_mpcode] => 0
            [cate_aftside_print_mpcode] => 0
            [cate_aftside_add_print_mpcode] => 0
            [page] => 4
            [page_dvs] => 내지
            [page_detail] => 
            [basic_price] => 30000
            [rate] => 0
            [aplc_price] => 0
            [new_price] => 30000
        )

    [15] => Array
        (
            [amt] => 200
            [cate_sortcode] => 005001004
            [cate_paper_mpcode] => 1904
            [cate_stan_mpcode] => 916
            [cate_beforeside_print_mpcode] => 382
            [cate_beforeside_add_print_mpcode] => 0
            [cate_aftside_print_mpcode] => 0
            [cate_aftside_add_print_mpcode] => 0
            [page] => 4
            [page_dvs] => 내지
            [page_detail] => 
            [basic_price] => 10000
            [rate] => 0
            [aplc_price] => 0
            [new_price] => 10000
        )

    [16] => Array
        (
            [amt] => 500
            [cate_sortcode] => 005001004
            [cate_paper_mpcode] => 1904
            [cate_stan_mpcode] => 916
            [cate_beforeside_print_mpcode] => 382
            [cate_beforeside_add_print_mpcode] => 0
            [cate_aftside_print_mpcode] => 0
            [cate_aftside_add_print_mpcode] => 0
            [page] => 4
            [page_dvs] => 내지
            [page_detail] => 
            [basic_price] => 20000
            [rate] => 0
            [aplc_price] => 0
            [new_price] => 20000
        )

    [17] => Array
        (
            [amt] => 1000
            [cate_sortcode] => 005001004
            [cate_paper_mpcode] => 1904
            [cate_stan_mpcode] => 916
            [cate_beforeside_print_mpcode] => 382
            [cate_beforeside_add_print_mpcode] => 0
            [cate_aftside_print_mpcode] => 0
            [cate_aftside_add_print_mpcode] => 0
            [page] => 4
            [page_dvs] => 내지
            [page_detail] => 
            [basic_price] => 30000
            [rate] => 0
            [aplc_price] => 0
            [new_price] => 30000
        )

    [18] => Array
        (
            [amt] => 200
            [cate_sortcode] => 005001004
            [cate_paper_mpcode] => 1904
            [cate_stan_mpcode] => 917
            [cate_beforeside_print_mpcode] => 381
            [cate_beforeside_add_print_mpcode] => 0
            [cate_aftside_print_mpcode] => 0
            [cate_aftside_add_print_mpcode] => 0
            [page] => 4
            [page_dvs] => 내지
            [page_detail] => 
            [basic_price] => 10000
            [rate] => 0
            [aplc_price] => 0
            [new_price] => 10000
        )

    [19] => Array
        (
            [amt] => 500
            [cate_sortcode] => 005001004
            [cate_paper_mpcode] => 1904
            [cate_stan_mpcode] => 917
            [cate_beforeside_print_mpcode] => 381
            [cate_beforeside_add_print_mpcode] => 0
            [cate_aftside_print_mpcode] => 0
            [cate_aftside_add_print_mpcode] => 0
            [page] => 4
            [page_dvs] => 내지
            [page_detail] => 
            [basic_price] => 20000
            [rate] => 0
            [aplc_price] => 0
            [new_price] => 20000
        )

    [20] => Array
        (
            [amt] => 1000
            [cate_sortcode] => 005001004
            [cate_paper_mpcode] => 1904
            [cate_stan_mpcode] => 917
            [cate_beforeside_print_mpcode] => 381
            [cate_beforeside_add_print_mpcode] => 0
            [cate_aftside_print_mpcode] => 0
            [cate_aftside_add_print_mpcode] => 0
            [page] => 4
            [page_dvs] => 내지
            [page_detail] => 
            [basic_price] => 30000
            [rate] => 0
            [aplc_price] => 0
            [new_price] => 30000
        )

    [21] => Array
        (
            [amt] => 200
            [cate_sortcode] => 005001004
            [cate_paper_mpcode] => 1904
            [cate_stan_mpcode] => 917
            [cate_beforeside_print_mpcode] => 382
            [cate_beforeside_add_print_mpcode] => 0
            [cate_aftside_print_mpcode] => 0
            [cate_aftside_add_print_mpcode] => 0
            [page] => 4
            [page_dvs] => 내지
            [page_detail] => 
            [basic_price] => 10000
            [rate] => 0
            [aplc_price] => 0
            [new_price] => 10000
        )

    [22] => Array
        (
            [amt] => 500
            [cate_sortcode] => 005001004
            [cate_paper_mpcode] => 1904
            [cate_stan_mpcode] => 917
            [cate_beforeside_print_mpcode] => 382
            [cate_beforeside_add_print_mpcode] => 0
            [cate_aftside_print_mpcode] => 0
            [cate_aftside_add_print_mpcode] => 0
            [page] => 4
            [page_dvs] => 내지
            [page_detail] => 
            [basic_price] => 20000
            [rate] => 0
            [aplc_price] => 0
            [new_price] => 20000
        )

    [23] => Array
        (
            [amt] => 1000
            [cate_sortcode] => 005001004
            [cate_paper_mpcode] => 1904
            [cate_stan_mpcode] => 917
            [cate_beforeside_print_mpcode] => 382
            [cate_beforeside_add_print_mpcode] => 0
            [cate_aftside_print_mpcode] => 0
            [cate_aftside_add_print_mpcode] => 0
            [page] => 4
            [page_dvs] => 내지
            [page_detail] => 
            [basic_price] => 30000
            [rate] => 0
            [aplc_price] => 0
            [new_price] => 30000
        )

    [24] => Array
        (
            [amt] => 200
            [cate_sortcode] => 005001004
            [cate_paper_mpcode] => 1904
            [cate_stan_mpcode] => 912
            [cate_beforeside_print_mpcode] => 381
            [cate_beforeside_add_print_mpcode] => 0
            [cate_aftside_print_mpcode] => 0
            [cate_aftside_add_print_mpcode] => 0
            [page] => 4
            [page_dvs] => 내지
            [page_detail] => 
            [basic_price] => 10000
            [rate] => 0
            [aplc_price] => 0
            [new_price] => 10000
        )

    [25] => Array
        (
            [amt] => 500
            [cate_sortcode] => 005001004
            [cate_paper_mpcode] => 1904
            [cate_stan_mpcode] => 912
            [cate_beforeside_print_mpcode] => 381
            [cate_beforeside_add_print_mpcode] => 0
            [cate_aftside_print_mpcode] => 0
            [cate_aftside_add_print_mpcode] => 0
            [page] => 4
            [page_dvs] => 내지
            [page_detail] => 
            [basic_price] => 20000
            [rate] => 0
            [aplc_price] => 0
            [new_price] => 20000
        )

    [26] => Array
        (
            [amt] => 1000
            [cate_sortcode] => 005001004
            [cate_paper_mpcode] => 1904
            [cate_stan_mpcode] => 912
            [cate_beforeside_print_mpcode] => 381
            [cate_beforeside_add_print_mpcode] => 0
            [cate_aftside_print_mpcode] => 0
            [cate_aftside_add_print_mpcode] => 0
            [page] => 4
            [page_dvs] => 내지
            [page_detail] => 
            [basic_price] => 30000
            [rate] => 0
            [aplc_price] => 0
            [new_price] => 30000
        )

    [27] => Array
        (
            [amt] => 200
            [cate_sortcode] => 005001004
            [cate_paper_mpcode] => 1904
            [cate_stan_mpcode] => 912
            [cate_beforeside_print_mpcode] => 382
            [cate_beforeside_add_print_mpcode] => 0
            [cate_aftside_print_mpcode] => 0
            [cate_aftside_add_print_mpcode] => 0
            [page] => 4
            [page_dvs] => 내지
            [page_detail] => 
            [basic_price] => 10000
            [rate] => 0
            [aplc_price] => 0
            [new_price] => 10000
        )

    [28] => Array
        (
            [amt] => 500
            [cate_sortcode] => 005001004
            [cate_paper_mpcode] => 1904
            [cate_stan_mpcode] => 912
            [cate_beforeside_print_mpcode] => 382
            [cate_beforeside_add_print_mpcode] => 0
            [cate_aftside_print_mpcode] => 0
            [cate_aftside_add_print_mpcode] => 0
            [page] => 4
            [page_dvs] => 내지
            [page_detail] => 
            [basic_price] => 20000
            [rate] => 0
            [aplc_price] => 0
            [new_price] => 20000
        )

    [29] => Array
        (
            [amt] => 1000
            [cate_sortcode] => 005001004
            [cate_paper_mpcode] => 1904
            [cate_stan_mpcode] => 912
            [cate_beforeside_print_mpcode] => 382
            [cate_beforeside_add_print_mpcode] => 0
            [cate_aftside_print_mpcode] => 0
            [cate_aftside_add_print_mpcode] => 0
            [page] => 4
            [page_dvs] => 내지
            [page_detail] => 
            [basic_price] => 30000
            [rate] => 0
            [aplc_price] => 0
            [new_price] => 30000
        )

    [30] => Array
        (
            [amt] => 200
            [cate_sortcode] => 005001004
            [cate_paper_mpcode] => 1904
            [cate_stan_mpcode] => 913
            [cate_beforeside_print_mpcode] => 381
            [cate_beforeside_add_print_mpcode] => 0
            [cate_aftside_print_mpcode] => 0
            [cate_aftside_add_print_mpcode] => 0
            [page] => 4
            [page_dvs] => 내지
            [page_detail] => 
            [basic_price] => 10000
            [rate] => 0
            [aplc_price] => 0
            [new_price] => 10000
        )

    [31] => Array
        (
            [amt] => 500
            [cate_sortcode] => 005001004
            [cate_paper_mpcode] => 1904
            [cate_stan_mpcode] => 913
            [cate_beforeside_print_mpcode] => 381
            [cate_beforeside_add_print_mpcode] => 0
            [cate_aftside_print_mpcode] => 0
            [cate_aftside_add_print_mpcode] => 0
            [page] => 4
            [page_dvs] => 내지
            [page_detail] => 
            [basic_price] => 20000
            [rate] => 0
            [aplc_price] => 0
            [new_price] => 20000
        )

    [32] => Array
        (
            [amt] => 1000
            [cate_sortcode] => 005001004
            [cate_paper_mpcode] => 1904
            [cate_stan_mpcode] => 913
            [cate_beforeside_print_mpcode] => 381
            [cate_beforeside_add_print_mpcode] => 0
            [cate_aftside_print_mpcode] => 0
            [cate_aftside_add_print_mpcode] => 0
            [page] => 4
            [page_dvs] => 내지
            [page_detail] => 
            [basic_price] => 30000
            [rate] => 0
            [aplc_price] => 0
            [new_price] => 30000
        )

    [33] => Array
        (
            [amt] => 200
            [cate_sortcode] => 005001004
            [cate_paper_mpcode] => 1904
            [cate_stan_mpcode] => 913
            [cate_beforeside_print_mpcode] => 382
            [cate_beforeside_add_print_mpcode] => 0
            [cate_aftside_print_mpcode] => 0
            [cate_aftside_add_print_mpcode] => 0
            [page] => 4
            [page_dvs] => 내지
            [page_detail] => 
            [basic_price] => 10000
            [rate] => 0
            [aplc_price] => 0
            [new_price] => 10000
        )

    [34] => Array
        (
            [amt] => 500
            [cate_sortcode] => 005001004
            [cate_paper_mpcode] => 1904
            [cate_stan_mpcode] => 913
            [cate_beforeside_print_mpcode] => 382
            [cate_beforeside_add_print_mpcode] => 0
            [cate_aftside_print_mpcode] => 0
            [cate_aftside_add_print_mpcode] => 0
            [page] => 4
            [page_dvs] => 내지
            [page_detail] => 
            [basic_price] => 20000
            [rate] => 0
            [aplc_price] => 0
            [new_price] => 20000
        )

    [35] => Array
        (
            [amt] => 1000
            [cate_sortcode] => 005001004
            [cate_paper_mpcode] => 1904
            [cate_stan_mpcode] => 913
            [cate_beforeside_print_mpcode] => 382
            [cate_beforeside_add_print_mpcode] => 0
            [cate_aftside_print_mpcode] => 0
            [cate_aftside_add_print_mpcode] => 0
            [page] => 4
            [page_dvs] => 내지
            [page_detail] => 
            [basic_price] => 30000
            [rate] => 0
            [aplc_price] => 0
            [new_price] => 30000
        )

    [36] => Array
        (
            [amt] => 200
            [cate_sortcode] => 005001004
            [cate_paper_mpcode] => 1904
            [cate_stan_mpcode] => 914
            [cate_beforeside_print_mpcode] => 381
            [cate_beforeside_add_print_mpcode] => 0
            [cate_aftside_print_mpcode] => 0
            [cate_aftside_add_print_mpcode] => 0
            [page] => 4
            [page_dvs] => 내지
            [page_detail] => 
            [basic_price] => 10000
            [rate] => 0
            [aplc_price] => 0
            [new_price] => 10000
        )

    [37] => Array
        (
            [amt] => 500
            [cate_sortcode] => 005001004
            [cate_paper_mpcode] => 1904
            [cate_stan_mpcode] => 914
            [cate_beforeside_print_mpcode] => 381
            [cate_beforeside_add_print_mpcode] => 0
            [cate_aftside_print_mpcode] => 0
            [cate_aftside_add_print_mpcode] => 0
            [page] => 4
            [page_dvs] => 내지
            [page_detail] => 
            [basic_price] => 20000
            [rate] => 0
            [aplc_price] => 0
            [new_price] => 20000
        )

    [38] => Array
        (
            [amt] => 1000
            [cate_sortcode] => 005001004
            [cate_paper_mpcode] => 1904
            [cate_stan_mpcode] => 914
            [cate_beforeside_print_mpcode] => 381
            [cate_beforeside_add_print_mpcode] => 0
            [cate_aftside_print_mpcode] => 0
            [cate_aftside_add_print_mpcode] => 0
            [page] => 4
            [page_dvs] => 내지
            [page_detail] => 
            [basic_price] => 30000
            [rate] => 0
            [aplc_price] => 0
            [new_price] => 30000
        )

    [39] => Array
        (
            [amt] => 200
            [cate_sortcode] => 005001004
            [cate_paper_mpcode] => 1904
            [cate_stan_mpcode] => 914
            [cate_beforeside_print_mpcode] => 382
            [cate_beforeside_add_print_mpcode] => 0
            [cate_aftside_print_mpcode] => 0
            [cate_aftside_add_print_mpcode] => 0
            [page] => 4
            [page_dvs] => 내지
            [page_detail] => 
            [basic_price] => 10000
            [rate] => 0
            [aplc_price] => 0
            [new_price] => 10000
        )

    [40] => Array
        (
            [amt] => 500
            [cate_sortcode] => 005001004
            [cate_paper_mpcode] => 1904
            [cate_stan_mpcode] => 914
            [cate_beforeside_print_mpcode] => 382
            [cate_beforeside_add_print_mpcode] => 0
            [cate_aftside_print_mpcode] => 0
            [cate_aftside_add_print_mpcode] => 0
            [page] => 4
            [page_dvs] => 내지
            [page_detail] => 
            [basic_price] => 20000
            [rate] => 0
            [aplc_price] => 0
            [new_price] => 20000
        )

    [41] => Array
        (
            [amt] => 1000
            [cate_sortcode] => 005001004
            [cate_paper_mpcode] => 1904
            [cate_stan_mpcode] => 914
            [cate_beforeside_print_mpcode] => 382
            [cate_beforeside_add_print_mpcode] => 0
            [cate_aftside_print_mpcode] => 0
            [cate_aftside_add_print_mpcode] => 0
            [page] => 4
            [page_dvs] => 내지
            [page_detail] => 
            [basic_price] => 30000
            [rate] => 0
            [aplc_price] => 0
            [new_price] => 30000
        )

    [42] => Array
        (
            [amt] => 200
            [cate_sortcode] => 005001004
            [cate_paper_mpcode] => 1904
            [cate_stan_mpcode] => 915
            [cate_beforeside_print_mpcode] => 381
            [cate_beforeside_add_print_mpcode] => 0
            [cate_aftside_print_mpcode] => 0
            [cate_aftside_add_print_mpcode] => 0
            [page] => 4
            [page_dvs] => 내지
            [page_detail] => 
            [basic_price] => 10000
            [rate] => 0
            [aplc_price] => 0
            [new_price] => 10000
        )

    [43] => Array
        (
            [amt] => 500
            [cate_sortcode] => 005001004
            [cate_paper_mpcode] => 1904
            [cate_stan_mpcode] => 915
            [cate_beforeside_print_mpcode] => 381
            [cate_beforeside_add_print_mpcode] => 0
            [cate_aftside_print_mpcode] => 0
            [cate_aftside_add_print_mpcode] => 0
            [page] => 4
            [page_dvs] => 내지
            [page_detail] => 
            [basic_price] => 20000
            [rate] => 0
            [aplc_price] => 0
            [new_price] => 20000
        )

    [44] => Array
        (
            [amt] => 1000
            [cate_sortcode] => 005001004
            [cate_paper_mpcode] => 1904
            [cate_stan_mpcode] => 915
            [cate_beforeside_print_mpcode] => 381
            [cate_beforeside_add_print_mpcode] => 0
            [cate_aftside_print_mpcode] => 0
            [cate_aftside_add_print_mpcode] => 0
            [page] => 4
            [page_dvs] => 내지
            [page_detail] => 
            [basic_price] => 30000
            [rate] => 0
            [aplc_price] => 0
            [new_price] => 30000
        )

    [45] => Array
        (
            [amt] => 200
            [cate_sortcode] => 005001004
            [cate_paper_mpcode] => 1904
            [cate_stan_mpcode] => 915
            [cate_beforeside_print_mpcode] => 382
            [cate_beforeside_add_print_mpcode] => 0
            [cate_aftside_print_mpcode] => 0
            [cate_aftside_add_print_mpcode] => 0
            [page] => 4
            [page_dvs] => 내지
            [page_detail] => 
            [basic_price] => 10000
            [rate] => 0
            [aplc_price] => 0
            [new_price] => 10000
        )

    [46] => Array
        (
            [amt] => 500
            [cate_sortcode] => 005001004
            [cate_paper_mpcode] => 1904
            [cate_stan_mpcode] => 915
            [cate_beforeside_print_mpcode] => 382
            [cate_beforeside_add_print_mpcode] => 0
            [cate_aftside_print_mpcode] => 0
            [cate_aftside_add_print_mpcode] => 0
            [page] => 4
            [page_dvs] => 내지
            [page_detail] => 
            [basic_price] => 20000
            [rate] => 0
            [aplc_price] => 0
            [new_price] => 20000
        )

    [47] => Array
        (
            [amt] => 1000
            [cate_sortcode] => 005001004
            [cate_paper_mpcode] => 1904
            [cate_stan_mpcode] => 915
            [cate_beforeside_print_mpcode] => 382
            [cate_beforeside_add_print_mpcode] => 0
            [cate_aftside_print_mpcode] => 0
            [cate_aftside_add_print_mpcode] => 0
            [page] => 4
            [page_dvs] => 내지
            [page_detail] => 
            [basic_price] => 30000
            [rate] => 0
            [aplc_price] => 0
            [new_price] => 30000
        )

)


=============2번 시트============
카운트 : 96
가격 : 10000

현재 인덱스 : 0

=============2번 시트============
카운트 : 96
가격 : 20000

현재 인덱스 : 1

=============2번 시트============
카운트 : 96
가격 : 30000

현재 인덱스 : 2

=============2번 시트============
카운트 : 96
가격 : 10000

현재 인덱스 : 3

=============2번 시트============
카운트 : 96
가격 : 20000

현재 인덱스 : 4

=============2번 시트============
카운트 : 96
가격 : 30000

현재 인덱스 : 5

=============2번 시트============
카운트 : 96
가격 : 10000

현재 인덱스 : 6

=============2번 시트============
카운트 : 96
가격 : 20000

현재 인덱스 : 7

=============2번 시트============
카운트 : 96
가격 : 30000

현재 인덱스 : 8

=============2번 시트============
카운트 : 96
가격 : 10000

현재 인덱스 : 9

=============2번 시트============
카운트 : 96
가격 : 20000

현재 인덱스 : 10

=============2번 시트============
카운트 : 96
가격 : 30000

현재 인덱스 : 11

=============2번 시트============
카운트 : 96
가격 : 10000

현재 인덱스 : 12

=============2번 시트============
카운트 : 96
가격 : 20000

현재 인덱스 : 13

=============2번 시트============
카운트 : 96
가격 : 30000

현재 인덱스 : 14

=============2번 시트============
카운트 : 96
가격 : 10000

현재 인덱스 : 15

=============2번 시트============
카운트 : 96
가격 : 20000

현재 인덱스 : 16

=============2번 시트============
카운트 : 96
가격 : 30000

현재 인덱스 : 17

=============2번 시트============
카운트 : 96
가격 : 10000

현재 인덱스 : 18

=============2번 시트============
카운트 : 96
가격 : 20000

현재 인덱스 : 19

=============2번 시트============
카운트 : 96
가격 : 30000

현재 인덱스 : 20

=============2번 시트============
카운트 : 96
가격 : 10000

현재 인덱스 : 21

=============2번 시트============
카운트 : 96
가격 : 20000

현재 인덱스 : 22

=============2번 시트============
카운트 : 96
가격 : 30000

현재 인덱스 : 23

=============2번 시트============
카운트 : 96
가격 : 10000

현재 인덱스 : 24

=============2번 시트============
카운트 : 96
가격 : 20000

현재 인덱스 : 25

=============2번 시트============
카운트 : 96
가격 : 30000

현재 인덱스 : 26

=============2번 시트============
카운트 : 96
가격 : 10000

현재 인덱스 : 27

=============2번 시트============
카운트 : 96
가격 : 20000

현재 인덱스 : 28

=============2번 시트============
카운트 : 96
가격 : 30000

현재 인덱스 : 29

=============2번 시트============
카운트 : 96
가격 : 10000

현재 인덱스 : 30

=============2번 시트============
카운트 : 96
가격 : 20000

현재 인덱스 : 31

=============2번 시트============
카운트 : 96
가격 : 30000

현재 인덱스 : 32

=============2번 시트============
카운트 : 96
가격 : 10000

현재 인덱스 : 33

=============2번 시트============
카운트 : 96
가격 : 20000

현재 인덱스 : 34

=============2번 시트============
카운트 : 96
가격 : 30000

현재 인덱스 : 35

=============2번 시트============
카운트 : 96
가격 : 10000

현재 인덱스 : 36

=============2번 시트============
카운트 : 96
가격 : 20000

현재 인덱스 : 37

=============2번 시트============
카운트 : 96
가격 : 30000

현재 인덱스 : 38

=============2번 시트============
카운트 : 96
가격 : 10000

현재 인덱스 : 39

=============2번 시트============
카운트 : 96
가격 : 20000

현재 인덱스 : 40

=============2번 시트============
카운트 : 96
가격 : 30000

현재 인덱스 : 41

=============2번 시트============
카운트 : 96
가격 : 10000

현재 인덱스 : 42

=============2번 시트============
카운트 : 96
가격 : 20000

현재 인덱스 : 43

=============2번 시트============
카운트 : 96
가격 : 30000

현재 인덱스 : 44

=============2번 시트============
카운트 : 96
가격 : 10000

현재 인덱스 : 45

=============2번 시트============
카운트 : 96
가격 : 20000

현재 인덱스 : 46

=============2번 시트============
카운트 : 96
가격 : 30000

현재 인덱스 : 47

=============2번 시트============
카운트 : 96
가격 : 10000

현재 인덱스 : 48

=============2번 시트============
카운트 : 96
가격 : 20000

현재 인덱스 : 49

=============2번 시트============
카운트 : 96
가격 : 30000

현재 인덱스 : 50

=============2번 시트============
카운트 : 96
가격 : 10000

현재 인덱스 : 51

=============2번 시트============
카운트 : 96
가격 : 20000

현재 인덱스 : 52

=============2번 시트============
카운트 : 96
가격 : 30000

현재 인덱스 : 53

=============2번 시트============
카운트 : 96
가격 : 10000

현재 인덱스 : 54

=============2번 시트============
카운트 : 96
가격 : 20000

현재 인덱스 : 55

=============2번 시트============
카운트 : 96
가격 : 30000

현재 인덱스 : 56

=============2번 시트============
카운트 : 96
가격 : 10000

현재 인덱스 : 57

=============2번 시트============
카운트 : 96
가격 : 20000

현재 인덱스 : 58

=============2번 시트============
카운트 : 96
가격 : 30000

현재 인덱스 : 59

=============2번 시트============
카운트 : 96
가격 : 10000

현재 인덱스 : 60

=============2번 시트============
카운트 : 96
가격 : 20000

현재 인덱스 : 61

=============2번 시트============
카운트 : 96
가격 : 30000

현재 인덱스 : 62

=============2번 시트============
카운트 : 96
가격 : 10000

현재 인덱스 : 63

=============2번 시트============
카운트 : 96
가격 : 20000

현재 인덱스 : 64

=============2번 시트============
카운트 : 96
가격 : 30000

현재 인덱스 : 65

=============2번 시트============
카운트 : 96
가격 : 10000

현재 인덱스 : 66

=============2번 시트============
카운트 : 96
가격 : 20000

현재 인덱스 : 67

=============2번 시트============
카운트 : 96
가격 : 30000

현재 인덱스 : 68

=============2번 시트============
카운트 : 96
가격 : 10000

현재 인덱스 : 69

=============2번 시트============
카운트 : 96
가격 : 20000

현재 인덱스 : 70

=============2번 시트============
카운트 : 96
가격 : 30000

현재 인덱스 : 71

=============2번 시트============
카운트 : 96
가격 : 10000

현재 인덱스 : 72

=============2번 시트============
카운트 : 96
가격 : 20000

현재 인덱스 : 73

=============2번 시트============
카운트 : 96
가격 : 30000

현재 인덱스 : 74

=============2번 시트============
카운트 : 96
가격 : 10000

현재 인덱스 : 75

=============2번 시트============
카운트 : 96
가격 : 20000

현재 인덱스 : 76

=============2번 시트============
카운트 : 96
가격 : 30000

현재 인덱스 : 77

=============2번 시트============
카운트 : 96
가격 : 10000

현재 인덱스 : 78

=============2번 시트============
카운트 : 96
가격 : 20000

현재 인덱스 : 79

=============2번 시트============
카운트 : 96
가격 : 30000

현재 인덱스 : 80

=============2번 시트============
카운트 : 96
가격 : 10000

현재 인덱스 : 81

=============2번 시트============
카운트 : 96
가격 : 20000

현재 인덱스 : 82

=============2번 시트============
카운트 : 96
가격 : 30000

현재 인덱스 : 83

=============2번 시트============
카운트 : 96
가격 : 10000

현재 인덱스 : 84

=============2번 시트============
카운트 : 96
가격 : 20000

현재 인덱스 : 85

=============2번 시트============
카운트 : 96
가격 : 30000

현재 인덱스 : 86

=============2번 시트============
카운트 : 96
가격 : 10000

현재 인덱스 : 87

=============2번 시트============
카운트 : 96
가격 : 20000

현재 인덱스 : 88

=============2번 시트============
카운트 : 96
가격 : 30000

현재 인덱스 : 89

=============2번 시트============
카운트 : 96
가격 : 10000

현재 인덱스 : 90

=============2번 시트============
카운트 : 96
가격 : 20000

현재 인덱스 : 91

=============2번 시트============
카운트 : 96
가격 : 30000

현재 인덱스 : 92

=============2번 시트============
카운트 : 96
가격 : 10000

현재 인덱스 : 93

=============2번 시트============
카운트 : 96
가격 : 20000

현재 인덱스 : 94

=============2번 시트============
카운트 : 96
가격 : 30000

현재 인덱스 : 95

최종 데이터다악
Array
(
    [0] => Array
        (
            [amt] => 200
            [cate_sortcode] => 005001004
            [cate_paper_mpcode] => 1902
            [cate_stan_mpcode] => 918
            [cate_beforeside_print_mpcode] => 381
            [cate_beforeside_add_print_mpcode] => 0
            [cate_aftside_print_mpcode] => 0
            [cate_aftside_add_print_mpcode] => 0
            [page] => 4
            [page_dvs] => 내지
            [page_detail] => 
            [basic_price] => 10000
            [rate] => 0
            [aplc_price] => 0
            [new_price] => 10000
        )

    [1] => Array
        (
            [amt] => 500
            [cate_sortcode] => 005001004
            [cate_paper_mpcode] => 1902
            [cate_stan_mpcode] => 918
            [cate_beforeside_print_mpcode] => 381
            [cate_beforeside_add_print_mpcode] => 0
            [cate_aftside_print_mpcode] => 0
            [cate_aftside_add_print_mpcode] => 0
            [page] => 4
            [page_dvs] => 내지
            [page_detail] => 
            [basic_price] => 20000
            [rate] => 0
            [aplc_price] => 0
            [new_price] => 20000
        )

    [2] => Array
        (
            [amt] => 1000
            [cate_sortcode] => 005001004
            [cate_paper_mpcode] => 1902
            [cate_stan_mpcode] => 918
            [cate_beforeside_print_mpcode] => 381
            [cate_beforeside_add_print_mpcode] => 0
            [cate_aftside_print_mpcode] => 0
            [cate_aftside_add_print_mpcode] => 0
            [page] => 4
            [page_dvs] => 내지
            [page_detail] => 
            [basic_price] => 30000
            [rate] => 0
            [aplc_price] => 0
            [new_price] => 30000
        )

    [3] => Array
        (
            [amt] => 200
            [cate_sortcode] => 005001004
            [cate_paper_mpcode] => 1903
            [cate_stan_mpcode] => 918
            [cate_beforeside_print_mpcode] => 381
            [cate_beforeside_add_print_mpcode] => 0
            [cate_aftside_print_mpcode] => 0
            [cate_aftside_add_print_mpcode] => 0
            [page] => 4
            [page_dvs] => 내지
            [page_detail] => 
            [basic_price] => 10000
            [rate] => 0
            [aplc_price] => 0
            [new_price] => 10000
        )

    [4] => Array
        (
            [amt] => 500
            [cate_sortcode] => 005001004
            [cate_paper_mpcode] => 1903
            [cate_stan_mpcode] => 918
            [cate_beforeside_print_mpcode] => 381
            [cate_beforeside_add_print_mpcode] => 0
            [cate_aftside_print_mpcode] => 0
            [cate_aftside_add_print_mpcode] => 0
            [page] => 4
            [page_dvs] => 내지
            [page_detail] => 
            [basic_price] => 20000
            [rate] => 0
            [aplc_price] => 0
            [new_price] => 20000
        )

    [5] => Array
        (
            [amt] => 1000
            [cate_sortcode] => 005001004
            [cate_paper_mpcode] => 1903
            [cate_stan_mpcode] => 918
            [cate_beforeside_print_mpcode] => 381
            [cate_beforeside_add_print_mpcode] => 0
            [cate_aftside_print_mpcode] => 0
            [cate_aftside_add_print_mpcode] => 0
            [page] => 4
            [page_dvs] => 내지
            [page_detail] => 
            [basic_price] => 30000
            [rate] => 0
            [aplc_price] => 0
            [new_price] => 30000
        )

    [6] => Array
        (
            [amt] => 200
            [cate_sortcode] => 005001004
            [cate_paper_mpcode] => 1902
            [cate_stan_mpcode] => 918
            [cate_beforeside_print_mpcode] => 382
            [cate_beforeside_add_print_mpcode] => 0
            [cate_aftside_print_mpcode] => 0
            [cate_aftside_add_print_mpcode] => 0
            [page] => 4
            [page_dvs] => 내지
            [page_detail] => 
            [basic_price] => 10000
            [rate] => 0
            [aplc_price] => 0
            [new_price] => 10000
        )

    [7] => Array
        (
            [amt] => 500
            [cate_sortcode] => 005001004
            [cate_paper_mpcode] => 1902
            [cate_stan_mpcode] => 918
            [cate_beforeside_print_mpcode] => 382
            [cate_beforeside_add_print_mpcode] => 0
            [cate_aftside_print_mpcode] => 0
            [cate_aftside_add_print_mpcode] => 0
            [page] => 4
            [page_dvs] => 내지
            [page_detail] => 
            [basic_price] => 20000
            [rate] => 0
            [aplc_price] => 0
            [new_price] => 20000
        )

    [8] => Array
        (
            [amt] => 1000
            [cate_sortcode] => 005001004
            [cate_paper_mpcode] => 1902
            [cate_stan_mpcode] => 918
            [cate_beforeside_print_mpcode] => 382
            [cate_beforeside_add_print_mpcode] => 0
            [cate_aftside_print_mpcode] => 0
            [cate_aftside_add_print_mpcode] => 0
            [page] => 4
            [page_dvs] => 내지
            [page_detail] => 
            [basic_price] => 30000
            [rate] => 0
            [aplc_price] => 0
            [new_price] => 30000
        )

    [9] => Array
        (
            [amt] => 200
            [cate_sortcode] => 005001004
            [cate_paper_mpcode] => 1903
            [cate_stan_mpcode] => 918
            [cate_beforeside_print_mpcode] => 382
            [cate_beforeside_add_print_mpcode] => 0
            [cate_aftside_print_mpcode] => 0
            [cate_aftside_add_print_mpcode] => 0
            [page] => 4
            [page_dvs] => 내지
            [page_detail] => 
            [basic_price] => 10000
            [rate] => 0
            [aplc_price] => 0
            [new_price] => 10000
        )

    [10] => Array
        (
            [amt] => 500
            [cate_sortcode] => 005001004
            [cate_paper_mpcode] => 1903
            [cate_stan_mpcode] => 918
            [cate_beforeside_print_mpcode] => 382
            [cate_beforeside_add_print_mpcode] => 0
            [cate_aftside_print_mpcode] => 0
            [cate_aftside_add_print_mpcode] => 0
            [page] => 4
            [page_dvs] => 내지
            [page_detail] => 
            [basic_price] => 20000
            [rate] => 0
            [aplc_price] => 0
            [new_price] => 20000
        )

    [11] => Array
        (
            [amt] => 1000
            [cate_sortcode] => 005001004
            [cate_paper_mpcode] => 1903
            [cate_stan_mpcode] => 918
            [cate_beforeside_print_mpcode] => 382
            [cate_beforeside_add_print_mpcode] => 0
            [cate_aftside_print_mpcode] => 0
            [cate_aftside_add_print_mpcode] => 0
            [page] => 4
            [page_dvs] => 내지
            [page_detail] => 
            [basic_price] => 30000
            [rate] => 0
            [aplc_price] => 0
            [new_price] => 30000
        )

    [12] => Array
        (
            [amt] => 200
            [cate_sortcode] => 005001004
            [cate_paper_mpcode] => 1902
            [cate_stan_mpcode] => 919
            [cate_beforeside_print_mpcode] => 381
            [cate_beforeside_add_print_mpcode] => 0
            [cate_aftside_print_mpcode] => 0
            [cate_aftside_add_print_mpcode] => 0
            [page] => 4
            [page_dvs] => 내지
            [page_detail] => 
            [basic_price] => 10000
            [rate] => 0
            [aplc_price] => 0
            [new_price] => 10000
        )

    [13] => Array
        (
            [amt] => 500
            [cate_sortcode] => 005001004
            [cate_paper_mpcode] => 1902
            [cate_stan_mpcode] => 919
            [cate_beforeside_print_mpcode] => 381
            [cate_beforeside_add_print_mpcode] => 0
            [cate_aftside_print_mpcode] => 0
            [cate_aftside_add_print_mpcode] => 0
            [page] => 4
            [page_dvs] => 내지
            [page_detail] => 
            [basic_price] => 20000
            [rate] => 0
            [aplc_price] => 0
            [new_price] => 20000
        )

    [14] => Array
        (
            [amt] => 1000
            [cate_sortcode] => 005001004
            [cate_paper_mpcode] => 1902
            [cate_stan_mpcode] => 919
            [cate_beforeside_print_mpcode] => 381
            [cate_beforeside_add_print_mpcode] => 0
            [cate_aftside_print_mpcode] => 0
            [cate_aftside_add_print_mpcode] => 0
            [page] => 4
            [page_dvs] => 내지
            [page_detail] => 
            [basic_price] => 30000
            [rate] => 0
            [aplc_price] => 0
            [new_price] => 30000
        )

    [15] => Array
        (
            [amt] => 200
            [cate_sortcode] => 005001004
            [cate_paper_mpcode] => 1903
            [cate_stan_mpcode] => 919
            [cate_beforeside_print_mpcode] => 381
            [cate_beforeside_add_print_mpcode] => 0
            [cate_aftside_print_mpcode] => 0
            [cate_aftside_add_print_mpcode] => 0
            [page] => 4
            [page_dvs] => 내지
            [page_detail] => 
            [basic_price] => 10000
            [rate] => 0
            [aplc_price] => 0
            [new_price] => 10000
        )

    [16] => Array
        (
            [amt] => 500
            [cate_sortcode] => 005001004
            [cate_paper_mpcode] => 1903
            [cate_stan_mpcode] => 919
            [cate_beforeside_print_mpcode] => 381
            [cate_beforeside_add_print_mpcode] => 0
            [cate_aftside_print_mpcode] => 0
            [cate_aftside_add_print_mpcode] => 0
            [page] => 4
            [page_dvs] => 내지
            [page_detail] => 
            [basic_price] => 20000
            [rate] => 0
            [aplc_price] => 0
            [new_price] => 20000
        )

    [17] => Array
        (
            [amt] => 1000
            [cate_sortcode] => 005001004
            [cate_paper_mpcode] => 1903
            [cate_stan_mpcode] => 919
            [cate_beforeside_print_mpcode] => 381
            [cate_beforeside_add_print_mpcode] => 0
            [cate_aftside_print_mpcode] => 0
            [cate_aftside_add_print_mpcode] => 0
            [page] => 4
            [page_dvs] => 내지
            [page_detail] => 
            [basic_price] => 30000
            [rate] => 0
            [aplc_price] => 0
            [new_price] => 30000
        )

    [18] => Array
        (
            [amt] => 200
            [cate_sortcode] => 005001004
            [cate_paper_mpcode] => 1902
            [cate_stan_mpcode] => 919
            [cate_beforeside_print_mpcode] => 382
            [cate_beforeside_add_print_mpcode] => 0
            [cate_aftside_print_mpcode] => 0
            [cate_aftside_add_print_mpcode] => 0
            [page] => 4
            [page_dvs] => 내지
            [page_detail] => 
            [basic_price] => 10000
            [rate] => 0
            [aplc_price] => 0
            [new_price] => 10000
        )

    [19] => Array
        (
            [amt] => 500
            [cate_sortcode] => 005001004
            [cate_paper_mpcode] => 1902
            [cate_stan_mpcode] => 919
            [cate_beforeside_print_mpcode] => 382
            [cate_beforeside_add_print_mpcode] => 0
            [cate_aftside_print_mpcode] => 0
            [cate_aftside_add_print_mpcode] => 0
            [page] => 4
            [page_dvs] => 내지
            [page_detail] => 
            [basic_price] => 20000
            [rate] => 0
            [aplc_price] => 0
            [new_price] => 20000
        )

    [20] => Array
        (
            [amt] => 1000
            [cate_sortcode] => 005001004
            [cate_paper_mpcode] => 1902
            [cate_stan_mpcode] => 919
            [cate_beforeside_print_mpcode] => 382
            [cate_beforeside_add_print_mpcode] => 0
            [cate_aftside_print_mpcode] => 0
            [cate_aftside_add_print_mpcode] => 0
            [page] => 4
            [page_dvs] => 내지
            [page_detail] => 
            [basic_price] => 30000
            [rate] => 0
            [aplc_price] => 0
            [new_price] => 30000
        )

    [21] => Array
        (
            [amt] => 200
            [cate_sortcode] => 005001004
            [cate_paper_mpcode] => 1903
            [cate_stan_mpcode] => 919
            [cate_beforeside_print_mpcode] => 382
            [cate_beforeside_add_print_mpcode] => 0
            [cate_aftside_print_mpcode] => 0
            [cate_aftside_add_print_mpcode] => 0
            [page] => 4
            [page_dvs] => 내지
            [page_detail] => 
            [basic_price] => 10000
            [rate] => 0
            [aplc_price] => 0
            [new_price] => 10000
        )

    [22] => Array
        (
            [amt] => 500
            [cate_sortcode] => 005001004
            [cate_paper_mpcode] => 1903
            [cate_stan_mpcode] => 919
            [cate_beforeside_print_mpcode] => 382
            [cate_beforeside_add_print_mpcode] => 0
            [cate_aftside_print_mpcode] => 0
            [cate_aftside_add_print_mpcode] => 0
            [page] => 4
            [page_dvs] => 내지
            [page_detail] => 
            [basic_price] => 20000
            [rate] => 0
            [aplc_price] => 0
            [new_price] => 20000
        )

    [23] => Array
        (
            [amt] => 1000
            [cate_sortcode] => 005001004
            [cate_paper_mpcode] => 1903
            [cate_stan_mpcode] => 919
            [cate_beforeside_print_mpcode] => 382
            [cate_beforeside_add_print_mpcode] => 0
            [cate_aftside_print_mpcode] => 0
            [cate_aftside_add_print_mpcode] => 0
            [page] => 4
            [page_dvs] => 내지
            [page_detail] => 
            [basic_price] => 30000
            [rate] => 0
            [aplc_price] => 0
            [new_price] => 30000
        )

    [24] => Array
        (
            [amt] => 200
            [cate_sortcode] => 005001004
            [cate_paper_mpcode] => 1902
            [cate_stan_mpcode] => 916
            [cate_beforeside_print_mpcode] => 381
            [cate_beforeside_add_print_mpcode] => 0
            [cate_aftside_print_mpcode] => 0
            [cate_aftside_add_print_mpcode] => 0
            [page] => 4
            [page_dvs] => 내지
            [page_detail] => 
            [basic_price] => 10000
            [rate] => 0
            [aplc_price] => 0
            [new_price] => 10000
        )

    [25] => Array
        (
            [amt] => 500
            [cate_sortcode] => 005001004
            [cate_paper_mpcode] => 1902
            [cate_stan_mpcode] => 916
            [cate_beforeside_print_mpcode] => 381
            [cate_beforeside_add_print_mpcode] => 0
            [cate_aftside_print_mpcode] => 0
            [cate_aftside_add_print_mpcode] => 0
            [page] => 4
            [page_dvs] => 내지
            [page_detail] => 
            [basic_price] => 20000
            [rate] => 0
            [aplc_price] => 0
            [new_price] => 20000
        )

    [26] => Array
        (
            [amt] => 1000
            [cate_sortcode] => 005001004
            [cate_paper_mpcode] => 1902
            [cate_stan_mpcode] => 916
            [cate_beforeside_print_mpcode] => 381
            [cate_beforeside_add_print_mpcode] => 0
            [cate_aftside_print_mpcode] => 0
            [cate_aftside_add_print_mpcode] => 0
            [page] => 4
            [page_dvs] => 내지
            [page_detail] => 
            [basic_price] => 30000
            [rate] => 0
            [aplc_price] => 0
            [new_price] => 30000
        )

    [27] => Array
        (
            [amt] => 200
            [cate_sortcode] => 005001004
            [cate_paper_mpcode] => 1903
            [cate_stan_mpcode] => 916
            [cate_beforeside_print_mpcode] => 381
            [cate_beforeside_add_print_mpcode] => 0
            [cate_aftside_print_mpcode] => 0
            [cate_aftside_add_print_mpcode] => 0
            [page] => 4
            [page_dvs] => 내지
            [page_detail] => 
            [basic_price] => 10000
            [rate] => 0
            [aplc_price] => 0
            [new_price] => 10000
        )

    [28] => Array
        (
            [amt] => 500
            [cate_sortcode] => 005001004
            [cate_paper_mpcode] => 1903
            [cate_stan_mpcode] => 916
            [cate_beforeside_print_mpcode] => 381
            [cate_beforeside_add_print_mpcode] => 0
            [cate_aftside_print_mpcode] => 0
            [cate_aftside_add_print_mpcode] => 0
            [page] => 4
            [page_dvs] => 내지
            [page_detail] => 
            [basic_price] => 20000
            [rate] => 0
            [aplc_price] => 0
            [new_price] => 20000
        )

    [29] => Array
        (
            [amt] => 1000
            [cate_sortcode] => 005001004
            [cate_paper_mpcode] => 1903
            [cate_stan_mpcode] => 916
            [cate_beforeside_print_mpcode] => 381
            [cate_beforeside_add_print_mpcode] => 0
            [cate_aftside_print_mpcode] => 0
            [cate_aftside_add_print_mpcode] => 0
            [page] => 4
            [page_dvs] => 내지
            [page_detail] => 
            [basic_price] => 30000
            [rate] => 0
            [aplc_price] => 0
            [new_price] => 30000
        )

    [30] => Array
        (
            [amt] => 200
            [cate_sortcode] => 005001004
            [cate_paper_mpcode] => 1902
            [cate_stan_mpcode] => 916
            [cate_beforeside_print_mpcode] => 382
            [cate_beforeside_add_print_mpcode] => 0
            [cate_aftside_print_mpcode] => 0
            [cate_aftside_add_print_mpcode] => 0
            [page] => 4
            [page_dvs] => 내지
            [page_detail] => 
            [basic_price] => 10000
            [rate] => 0
            [aplc_price] => 0
            [new_price] => 10000
        )

    [31] => Array
        (
            [amt] => 500
            [cate_sortcode] => 005001004
            [cate_paper_mpcode] => 1902
            [cate_stan_mpcode] => 916
            [cate_beforeside_print_mpcode] => 382
            [cate_beforeside_add_print_mpcode] => 0
            [cate_aftside_print_mpcode] => 0
            [cate_aftside_add_print_mpcode] => 0
            [page] => 4
            [page_dvs] => 내지
            [page_detail] => 
            [basic_price] => 20000
            [rate] => 0
            [aplc_price] => 0
            [new_price] => 20000
        )

    [32] => Array
        (
            [amt] => 1000
            [cate_sortcode] => 005001004
            [cate_paper_mpcode] => 1902
            [cate_stan_mpcode] => 916
            [cate_beforeside_print_mpcode] => 382
            [cate_beforeside_add_print_mpcode] => 0
            [cate_aftside_print_mpcode] => 0
            [cate_aftside_add_print_mpcode] => 0
            [page] => 4
            [page_dvs] => 내지
            [page_detail] => 
            [basic_price] => 30000
            [rate] => 0
            [aplc_price] => 0
            [new_price] => 30000
        )

    [33] => Array
        (
            [amt] => 200
            [cate_sortcode] => 005001004
            [cate_paper_mpcode] => 1903
            [cate_stan_mpcode] => 916
            [cate_beforeside_print_mpcode] => 382
            [cate_beforeside_add_print_mpcode] => 0
            [cate_aftside_print_mpcode] => 0
            [cate_aftside_add_print_mpcode] => 0
            [page] => 4
            [page_dvs] => 내지
            [page_detail] => 
            [basic_price] => 10000
            [rate] => 0
            [aplc_price] => 0
            [new_price] => 10000
        )

    [34] => Array
        (
            [amt] => 500
            [cate_sortcode] => 005001004
            [cate_paper_mpcode] => 1903
            [cate_stan_mpcode] => 916
            [cate_beforeside_print_mpcode] => 382
            [cate_beforeside_add_print_mpcode] => 0
            [cate_aftside_print_mpcode] => 0
            [cate_aftside_add_print_mpcode] => 0
            [page] => 4
            [page_dvs] => 내지
            [page_detail] => 
            [basic_price] => 20000
            [rate] => 0
            [aplc_price] => 0
            [new_price] => 20000
        )

    [35] => Array
        (
            [amt] => 1000
            [cate_sortcode] => 005001004
            [cate_paper_mpcode] => 1903
            [cate_stan_mpcode] => 916
            [cate_beforeside_print_mpcode] => 382
            [cate_beforeside_add_print_mpcode] => 0
            [cate_aftside_print_mpcode] => 0
            [cate_aftside_add_print_mpcode] => 0
            [page] => 4
            [page_dvs] => 내지
            [page_detail] => 
            [basic_price] => 30000
            [rate] => 0
            [aplc_price] => 0
            [new_price] => 30000
        )

    [36] => Array
        (
            [amt] => 200
            [cate_sortcode] => 005001004
            [cate_paper_mpcode] => 1902
            [cate_stan_mpcode] => 917
            [cate_beforeside_print_mpcode] => 381
            [cate_beforeside_add_print_mpcode] => 0
            [cate_aftside_print_mpcode] => 0
            [cate_aftside_add_print_mpcode] => 0
            [page] => 4
            [page_dvs] => 내지
            [page_detail] => 
            [basic_price] => 10000
            [rate] => 0
            [aplc_price] => 0
            [new_price] => 10000
        )

    [37] => Array
        (
            [amt] => 500
            [cate_sortcode] => 005001004
            [cate_paper_mpcode] => 1902
            [cate_stan_mpcode] => 917
            [cate_beforeside_print_mpcode] => 381
            [cate_beforeside_add_print_mpcode] => 0
            [cate_aftside_print_mpcode] => 0
            [cate_aftside_add_print_mpcode] => 0
            [page] => 4
            [page_dvs] => 내지
            [page_detail] => 
            [basic_price] => 20000
            [rate] => 0
            [aplc_price] => 0
            [new_price] => 20000
        )

    [38] => Array
        (
            [amt] => 1000
            [cate_sortcode] => 005001004
            [cate_paper_mpcode] => 1902
            [cate_stan_mpcode] => 917
            [cate_beforeside_print_mpcode] => 381
            [cate_beforeside_add_print_mpcode] => 0
            [cate_aftside_print_mpcode] => 0
            [cate_aftside_add_print_mpcode] => 0
            [page] => 4
            [page_dvs] => 내지
            [page_detail] => 
            [basic_price] => 30000
            [rate] => 0
            [aplc_price] => 0
            [new_price] => 30000
        )

    [39] => Array
        (
            [amt] => 200
            [cate_sortcode] => 005001004
            [cate_paper_mpcode] => 1903
            [cate_stan_mpcode] => 917
            [cate_beforeside_print_mpcode] => 381
            [cate_beforeside_add_print_mpcode] => 0
            [cate_aftside_print_mpcode] => 0
            [cate_aftside_add_print_mpcode] => 0
            [page] => 4
            [page_dvs] => 내지
            [page_detail] => 
            [basic_price] => 10000
            [rate] => 0
            [aplc_price] => 0
            [new_price] => 10000
        )

    [40] => Array
        (
            [amt] => 500
            [cate_sortcode] => 005001004
            [cate_paper_mpcode] => 1903
            [cate_stan_mpcode] => 917
            [cate_beforeside_print_mpcode] => 381
            [cate_beforeside_add_print_mpcode] => 0
            [cate_aftside_print_mpcode] => 0
            [cate_aftside_add_print_mpcode] => 0
            [page] => 4
            [page_dvs] => 내지
            [page_detail] => 
            [basic_price] => 20000
            [rate] => 0
            [aplc_price] => 0
            [new_price] => 20000
        )

    [41] => Array
        (
            [amt] => 1000
            [cate_sortcode] => 005001004
            [cate_paper_mpcode] => 1903
            [cate_stan_mpcode] => 917
            [cate_beforeside_print_mpcode] => 381
            [cate_beforeside_add_print_mpcode] => 0
            [cate_aftside_print_mpcode] => 0
            [cate_aftside_add_print_mpcode] => 0
            [page] => 4
            [page_dvs] => 내지
            [page_detail] => 
            [basic_price] => 30000
            [rate] => 0
            [aplc_price] => 0
            [new_price] => 30000
        )

    [42] => Array
        (
            [amt] => 200
            [cate_sortcode] => 005001004
            [cate_paper_mpcode] => 1902
            [cate_stan_mpcode] => 917
            [cate_beforeside_print_mpcode] => 382
            [cate_beforeside_add_print_mpcode] => 0
            [cate_aftside_print_mpcode] => 0
            [cate_aftside_add_print_mpcode] => 0
            [page] => 4
            [page_dvs] => 내지
            [page_detail] => 
            [basic_price] => 10000
            [rate] => 0
            [aplc_price] => 0
            [new_price] => 10000
        )

    [43] => Array
        (
            [amt] => 500
            [cate_sortcode] => 005001004
            [cate_paper_mpcode] => 1902
            [cate_stan_mpcode] => 917
            [cate_beforeside_print_mpcode] => 382
            [cate_beforeside_add_print_mpcode] => 0
            [cate_aftside_print_mpcode] => 0
            [cate_aftside_add_print_mpcode] => 0
            [page] => 4
            [page_dvs] => 내지
            [page_detail] => 
            [basic_price] => 20000
            [rate] => 0
            [aplc_price] => 0
            [new_price] => 20000
        )

    [44] => Array
        (
            [amt] => 1000
            [cate_sortcode] => 005001004
            [cate_paper_mpcode] => 1902
            [cate_stan_mpcode] => 917
            [cate_beforeside_print_mpcode] => 382
            [cate_beforeside_add_print_mpcode] => 0
            [cate_aftside_print_mpcode] => 0
            [cate_aftside_add_print_mpcode] => 0
            [page] => 4
            [page_dvs] => 내지
            [page_detail] => 
            [basic_price] => 30000
            [rate] => 0
            [aplc_price] => 0
            [new_price] => 30000
        )

    [45] => Array
        (
            [amt] => 200
            [cate_sortcode] => 005001004
            [cate_paper_mpcode] => 1903
            [cate_stan_mpcode] => 917
            [cate_beforeside_print_mpcode] => 382
            [cate_beforeside_add_print_mpcode] => 0
            [cate_aftside_print_mpcode] => 0
            [cate_aftside_add_print_mpcode] => 0
            [page] => 4
            [page_dvs] => 내지
            [page_detail] => 
            [basic_price] => 10000
            [rate] => 0
            [aplc_price] => 0
            [new_price] => 10000
        )

    [46] => Array
        (
            [amt] => 500
            [cate_sortcode] => 005001004
            [cate_paper_mpcode] => 1903
            [cate_stan_mpcode] => 917
            [cate_beforeside_print_mpcode] => 382
            [cate_beforeside_add_print_mpcode] => 0
            [cate_aftside_print_mpcode] => 0
            [cate_aftside_add_print_mpcode] => 0
            [page] => 4
            [page_dvs] => 내지
            [page_detail] => 
            [basic_price] => 20000
            [rate] => 0
            [aplc_price] => 0
            [new_price] => 20000
        )

    [47] => Array
        (
            [amt] => 1000
            [cate_sortcode] => 005001004
            [cate_paper_mpcode] => 1903
            [cate_stan_mpcode] => 917
            [cate_beforeside_print_mpcode] => 382
            [cate_beforeside_add_print_mpcode] => 0
            [cate_aftside_print_mpcode] => 0
            [cate_aftside_add_print_mpcode] => 0
            [page] => 4
            [page_dvs] => 내지
            [page_detail] => 
            [basic_price] => 30000
            [rate] => 0
            [aplc_price] => 0
            [new_price] => 30000
        )

    [48] => Array
        (
            [amt] => 200
            [cate_sortcode] => 005001004
            [cate_paper_mpcode] => 1902
            [cate_stan_mpcode] => 912
            [cate_beforeside_print_mpcode] => 381
            [cate_beforeside_add_print_mpcode] => 0
            [cate_aftside_print_mpcode] => 0
            [cate_aftside_add_print_mpcode] => 0
            [page] => 4
            [page_dvs] => 내지
            [page_detail] => 
            [basic_price] => 10000
            [rate] => 0
            [aplc_price] => 0
            [new_price] => 10000
        )

    [49] => Array
        (
            [amt] => 500
            [cate_sortcode] => 005001004
            [cate_paper_mpcode] => 1902
            [cate_stan_mpcode] => 912
            [cate_beforeside_print_mpcode] => 381
            [cate_beforeside_add_print_mpcode] => 0
            [cate_aftside_print_mpcode] => 0
            [cate_aftside_add_print_mpcode] => 0
            [page] => 4
            [page_dvs] => 내지
            [page_detail] => 
            [basic_price] => 20000
            [rate] => 0
            [aplc_price] => 0
            [new_price] => 20000
        )

    [50] => Array
        (
            [amt] => 1000
            [cate_sortcode] => 005001004
            [cate_paper_mpcode] => 1902
            [cate_stan_mpcode] => 912
            [cate_beforeside_print_mpcode] => 381
            [cate_beforeside_add_print_mpcode] => 0
            [cate_aftside_print_mpcode] => 0
            [cate_aftside_add_print_mpcode] => 0
            [page] => 4
            [page_dvs] => 내지
            [page_detail] => 
            [basic_price] => 30000
            [rate] => 0
            [aplc_price] => 0
            [new_price] => 30000
        )

    [51] => Array
        (
            [amt] => 200
            [cate_sortcode] => 005001004
            [cate_paper_mpcode] => 1903
            [cate_stan_mpcode] => 912
            [cate_beforeside_print_mpcode] => 381
            [cate_beforeside_add_print_mpcode] => 0
            [cate_aftside_print_mpcode] => 0
            [cate_aftside_add_print_mpcode] => 0
            [page] => 4
            [page_dvs] => 내지
            [page_detail] => 
            [basic_price] => 10000
            [rate] => 0
            [aplc_price] => 0
            [new_price] => 10000
        )

    [52] => Array
        (
            [amt] => 500
            [cate_sortcode] => 005001004
            [cate_paper_mpcode] => 1903
            [cate_stan_mpcode] => 912
            [cate_beforeside_print_mpcode] => 381
            [cate_beforeside_add_print_mpcode] => 0
            [cate_aftside_print_mpcode] => 0
            [cate_aftside_add_print_mpcode] => 0
            [page] => 4
            [page_dvs] => 내지
            [page_detail] => 
            [basic_price] => 20000
            [rate] => 0
            [aplc_price] => 0
            [new_price] => 20000
        )

    [53] => Array
        (
            [amt] => 1000
            [cate_sortcode] => 005001004
            [cate_paper_mpcode] => 1903
            [cate_stan_mpcode] => 912
            [cate_beforeside_print_mpcode] => 381
            [cate_beforeside_add_print_mpcode] => 0
            [cate_aftside_print_mpcode] => 0
            [cate_aftside_add_print_mpcode] => 0
            [page] => 4
            [page_dvs] => 내지
            [page_detail] => 
            [basic_price] => 30000
            [rate] => 0
            [aplc_price] => 0
            [new_price] => 30000
        )

    [54] => Array
        (
            [amt] => 200
            [cate_sortcode] => 005001004
            [cate_paper_mpcode] => 1902
            [cate_stan_mpcode] => 912
            [cate_beforeside_print_mpcode] => 382
            [cate_beforeside_add_print_mpcode] => 0
            [cate_aftside_print_mpcode] => 0
            [cate_aftside_add_print_mpcode] => 0
            [page] => 4
            [page_dvs] => 내지
            [page_detail] => 
            [basic_price] => 10000
            [rate] => 0
            [aplc_price] => 0
            [new_price] => 10000
        )

    [55] => Array
        (
            [amt] => 500
            [cate_sortcode] => 005001004
            [cate_paper_mpcode] => 1902
            [cate_stan_mpcode] => 912
            [cate_beforeside_print_mpcode] => 382
            [cate_beforeside_add_print_mpcode] => 0
            [cate_aftside_print_mpcode] => 0
            [cate_aftside_add_print_mpcode] => 0
            [page] => 4
            [page_dvs] => 내지
            [page_detail] => 
            [basic_price] => 20000
            [rate] => 0
            [aplc_price] => 0
            [new_price] => 20000
        )

    [56] => Array
        (
            [amt] => 1000
            [cate_sortcode] => 005001004
            [cate_paper_mpcode] => 1902
            [cate_stan_mpcode] => 912
            [cate_beforeside_print_mpcode] => 382
            [cate_beforeside_add_print_mpcode] => 0
            [cate_aftside_print_mpcode] => 0
            [cate_aftside_add_print_mpcode] => 0
            [page] => 4
            [page_dvs] => 내지
            [page_detail] => 
            [basic_price] => 30000
            [rate] => 0
            [aplc_price] => 0
            [new_price] => 30000
        )

    [57] => Array
        (
            [amt] => 200
            [cate_sortcode] => 005001004
            [cate_paper_mpcode] => 1903
            [cate_stan_mpcode] => 912
            [cate_beforeside_print_mpcode] => 382
            [cate_beforeside_add_print_mpcode] => 0
            [cate_aftside_print_mpcode] => 0
            [cate_aftside_add_print_mpcode] => 0
            [page] => 4
            [page_dvs] => 내지
            [page_detail] => 
            [basic_price] => 10000
            [rate] => 0
            [aplc_price] => 0
            [new_price] => 10000
        )

    [58] => Array
        (
            [amt] => 500
            [cate_sortcode] => 005001004
            [cate_paper_mpcode] => 1903
            [cate_stan_mpcode] => 912
            [cate_beforeside_print_mpcode] => 382
            [cate_beforeside_add_print_mpcode] => 0
            [cate_aftside_print_mpcode] => 0
            [cate_aftside_add_print_mpcode] => 0
            [page] => 4
            [page_dvs] => 내지
            [page_detail] => 
            [basic_price] => 20000
            [rate] => 0
            [aplc_price] => 0
            [new_price] => 20000
        )

    [59] => Array
        (
            [amt] => 1000
            [cate_sortcode] => 005001004
            [cate_paper_mpcode] => 1903
            [cate_stan_mpcode] => 912
            [cate_beforeside_print_mpcode] => 382
            [cate_beforeside_add_print_mpcode] => 0
            [cate_aftside_print_mpcode] => 0
            [cate_aftside_add_print_mpcode] => 0
            [page] => 4
            [page_dvs] => 내지
            [page_detail] => 
            [basic_price] => 30000
            [rate] => 0
            [aplc_price] => 0
            [new_price] => 30000
        )

    [60] => Array
        (
            [amt] => 200
            [cate_sortcode] => 005001004
            [cate_paper_mpcode] => 1902
            [cate_stan_mpcode] => 913
            [cate_beforeside_print_mpcode] => 381
            [cate_beforeside_add_print_mpcode] => 0
            [cate_aftside_print_mpcode] => 0
            [cate_aftside_add_print_mpcode] => 0
            [page] => 4
            [page_dvs] => 내지
            [page_detail] => 
            [basic_price] => 10000
            [rate] => 0
            [aplc_price] => 0
            [new_price] => 10000
        )

    [61] => Array
        (
            [amt] => 500
            [cate_sortcode] => 005001004
            [cate_paper_mpcode] => 1902
            [cate_stan_mpcode] => 913
            [cate_beforeside_print_mpcode] => 381
            [cate_beforeside_add_print_mpcode] => 0
            [cate_aftside_print_mpcode] => 0
            [cate_aftside_add_print_mpcode] => 0
            [page] => 4
            [page_dvs] => 내지
            [page_detail] => 
            [basic_price] => 20000
            [rate] => 0
            [aplc_price] => 0
            [new_price] => 20000
        )

    [62] => Array
        (
            [amt] => 1000
            [cate_sortcode] => 005001004
            [cate_paper_mpcode] => 1902
            [cate_stan_mpcode] => 913
            [cate_beforeside_print_mpcode] => 381
            [cate_beforeside_add_print_mpcode] => 0
            [cate_aftside_print_mpcode] => 0
            [cate_aftside_add_print_mpcode] => 0
            [page] => 4
            [page_dvs] => 내지
            [page_detail] => 
            [basic_price] => 30000
            [rate] => 0
            [aplc_price] => 0
            [new_price] => 30000
        )

    [63] => Array
        (
            [amt] => 200
            [cate_sortcode] => 005001004
            [cate_paper_mpcode] => 1903
            [cate_stan_mpcode] => 913
            [cate_beforeside_print_mpcode] => 381
            [cate_beforeside_add_print_mpcode] => 0
            [cate_aftside_print_mpcode] => 0
            [cate_aftside_add_print_mpcode] => 0
            [page] => 4
            [page_dvs] => 내지
            [page_detail] => 
            [basic_price] => 10000
            [rate] => 0
            [aplc_price] => 0
            [new_price] => 10000
        )

    [64] => Array
        (
            [amt] => 500
            [cate_sortcode] => 005001004
            [cate_paper_mpcode] => 1903
            [cate_stan_mpcode] => 913
            [cate_beforeside_print_mpcode] => 381
            [cate_beforeside_add_print_mpcode] => 0
            [cate_aftside_print_mpcode] => 0
            [cate_aftside_add_print_mpcode] => 0
            [page] => 4
            [page_dvs] => 내지
            [page_detail] => 
            [basic_price] => 20000
            [rate] => 0
            [aplc_price] => 0
            [new_price] => 20000
        )

    [65] => Array
        (
            [amt] => 1000
            [cate_sortcode] => 005001004
            [cate_paper_mpcode] => 1903
            [cate_stan_mpcode] => 913
            [cate_beforeside_print_mpcode] => 381
            [cate_beforeside_add_print_mpcode] => 0
            [cate_aftside_print_mpcode] => 0
            [cate_aftside_add_print_mpcode] => 0
            [page] => 4
            [page_dvs] => 내지
            [page_detail] => 
            [basic_price] => 30000
            [rate] => 0
            [aplc_price] => 0
            [new_price] => 30000
        )

    [66] => Array
        (
            [amt] => 200
            [cate_sortcode] => 005001004
            [cate_paper_mpcode] => 1902
            [cate_stan_mpcode] => 913
            [cate_beforeside_print_mpcode] => 382
            [cate_beforeside_add_print_mpcode] => 0
            [cate_aftside_print_mpcode] => 0
            [cate_aftside_add_print_mpcode] => 0
            [page] => 4
            [page_dvs] => 내지
            [page_detail] => 
            [basic_price] => 10000
            [rate] => 0
            [aplc_price] => 0
            [new_price] => 10000
        )

    [67] => Array
        (
            [amt] => 500
            [cate_sortcode] => 005001004
            [cate_paper_mpcode] => 1902
            [cate_stan_mpcode] => 913
            [cate_beforeside_print_mpcode] => 382
            [cate_beforeside_add_print_mpcode] => 0
            [cate_aftside_print_mpcode] => 0
            [cate_aftside_add_print_mpcode] => 0
            [page] => 4
            [page_dvs] => 내지
            [page_detail] => 
            [basic_price] => 20000
            [rate] => 0
            [aplc_price] => 0
            [new_price] => 20000
        )

    [68] => Array
        (
            [amt] => 1000
            [cate_sortcode] => 005001004
            [cate_paper_mpcode] => 1902
            [cate_stan_mpcode] => 913
            [cate_beforeside_print_mpcode] => 382
            [cate_beforeside_add_print_mpcode] => 0
            [cate_aftside_print_mpcode] => 0
            [cate_aftside_add_print_mpcode] => 0
            [page] => 4
            [page_dvs] => 내지
            [page_detail] => 
            [basic_price] => 30000
            [rate] => 0
            [aplc_price] => 0
            [new_price] => 30000
        )

    [69] => Array
        (
            [amt] => 200
            [cate_sortcode] => 005001004
            [cate_paper_mpcode] => 1903
            [cate_stan_mpcode] => 913
            [cate_beforeside_print_mpcode] => 382
            [cate_beforeside_add_print_mpcode] => 0
            [cate_aftside_print_mpcode] => 0
            [cate_aftside_add_print_mpcode] => 0
            [page] => 4
            [page_dvs] => 내지
            [page_detail] => 
            [basic_price] => 10000
            [rate] => 0
            [aplc_price] => 0
            [new_price] => 10000
        )

    [70] => Array
        (
            [amt] => 500
            [cate_sortcode] => 005001004
            [cate_paper_mpcode] => 1903
            [cate_stan_mpcode] => 913
            [cate_beforeside_print_mpcode] => 382
            [cate_beforeside_add_print_mpcode] => 0
            [cate_aftside_print_mpcode] => 0
            [cate_aftside_add_print_mpcode] => 0
            [page] => 4
            [page_dvs] => 내지
            [page_detail] => 
            [basic_price] => 20000
            [rate] => 0
            [aplc_price] => 0
            [new_price] => 20000
        )

    [71] => Array
        (
            [amt] => 1000
            [cate_sortcode] => 005001004
            [cate_paper_mpcode] => 1903
            [cate_stan_mpcode] => 913
            [cate_beforeside_print_mpcode] => 382
            [cate_beforeside_add_print_mpcode] => 0
            [cate_aftside_print_mpcode] => 0
            [cate_aftside_add_print_mpcode] => 0
            [page] => 4
            [page_dvs] => 내지
            [page_detail] => 
            [basic_price] => 30000
            [rate] => 0
            [aplc_price] => 0
            [new_price] => 30000
        )

    [72] => Array
        (
            [amt] => 200
            [cate_sortcode] => 005001004
            [cate_paper_mpcode] => 1902
            [cate_stan_mpcode] => 914
            [cate_beforeside_print_mpcode] => 381
            [cate_beforeside_add_print_mpcode] => 0
            [cate_aftside_print_mpcode] => 0
            [cate_aftside_add_print_mpcode] => 0
            [page] => 4
            [page_dvs] => 내지
            [page_detail] => 
            [basic_price] => 10000
            [rate] => 0
            [aplc_price] => 0
            [new_price] => 10000
        )

    [73] => Array
        (
            [amt] => 500
            [cate_sortcode] => 005001004
            [cate_paper_mpcode] => 1902
            [cate_stan_mpcode] => 914
            [cate_beforeside_print_mpcode] => 381
            [cate_beforeside_add_print_mpcode] => 0
            [cate_aftside_print_mpcode] => 0
            [cate_aftside_add_print_mpcode] => 0
            [page] => 4
            [page_dvs] => 내지
            [page_detail] => 
            [basic_price] => 20000
            [rate] => 0
            [aplc_price] => 0
            [new_price] => 20000
        )

    [74] => Array
        (
            [amt] => 1000
            [cate_sortcode] => 005001004
            [cate_paper_mpcode] => 1902
            [cate_stan_mpcode] => 914
            [cate_beforeside_print_mpcode] => 381
            [cate_beforeside_add_print_mpcode] => 0
            [cate_aftside_print_mpcode] => 0
            [cate_aftside_add_print_mpcode] => 0
            [page] => 4
            [page_dvs] => 내지
            [page_detail] => 
            [basic_price] => 30000
            [rate] => 0
            [aplc_price] => 0
            [new_price] => 30000
        )

    [75] => Array
        (
            [amt] => 200
            [cate_sortcode] => 005001004
            [cate_paper_mpcode] => 1903
            [cate_stan_mpcode] => 914
            [cate_beforeside_print_mpcode] => 381
            [cate_beforeside_add_print_mpcode] => 0
            [cate_aftside_print_mpcode] => 0
            [cate_aftside_add_print_mpcode] => 0
            [page] => 4
            [page_dvs] => 내지
            [page_detail] => 
            [basic_price] => 10000
            [rate] => 0
            [aplc_price] => 0
            [new_price] => 10000
        )

    [76] => Array
        (
            [amt] => 500
            [cate_sortcode] => 005001004
            [cate_paper_mpcode] => 1903
            [cate_stan_mpcode] => 914
            [cate_beforeside_print_mpcode] => 381
            [cate_beforeside_add_print_mpcode] => 0
            [cate_aftside_print_mpcode] => 0
            [cate_aftside_add_print_mpcode] => 0
            [page] => 4
            [page_dvs] => 내지
            [page_detail] => 
            [basic_price] => 20000
            [rate] => 0
            [aplc_price] => 0
            [new_price] => 20000
        )

    [77] => Array
        (
            [amt] => 1000
            [cate_sortcode] => 005001004
            [cate_paper_mpcode] => 1903
            [cate_stan_mpcode] => 914
            [cate_beforeside_print_mpcode] => 381
            [cate_beforeside_add_print_mpcode] => 0
            [cate_aftside_print_mpcode] => 0
            [cate_aftside_add_print_mpcode] => 0
            [page] => 4
            [page_dvs] => 내지
            [page_detail] => 
            [basic_price] => 30000
            [rate] => 0
            [aplc_price] => 0
            [new_price] => 30000
        )

    [78] => Array
        (
            [amt] => 200
            [cate_sortcode] => 005001004
            [cate_paper_mpcode] => 1902
            [cate_stan_mpcode] => 914
            [cate_beforeside_print_mpcode] => 382
            [cate_beforeside_add_print_mpcode] => 0
            [cate_aftside_print_mpcode] => 0
            [cate_aftside_add_print_mpcode] => 0
            [page] => 4
            [page_dvs] => 내지
            [page_detail] => 
            [basic_price] => 10000
            [rate] => 0
            [aplc_price] => 0
            [new_price] => 10000
        )

    [79] => Array
        (
            [amt] => 500
            [cate_sortcode] => 005001004
            [cate_paper_mpcode] => 1902
            [cate_stan_mpcode] => 914
            [cate_beforeside_print_mpcode] => 382
            [cate_beforeside_add_print_mpcode] => 0
            [cate_aftside_print_mpcode] => 0
            [cate_aftside_add_print_mpcode] => 0
            [page] => 4
            [page_dvs] => 내지
            [page_detail] => 
            [basic_price] => 20000
            [rate] => 0
            [aplc_price] => 0
            [new_price] => 20000
        )

    [80] => Array
        (
            [amt] => 1000
            [cate_sortcode] => 005001004
            [cate_paper_mpcode] => 1902
            [cate_stan_mpcode] => 914
            [cate_beforeside_print_mpcode] => 382
            [cate_beforeside_add_print_mpcode] => 0
            [cate_aftside_print_mpcode] => 0
            [cate_aftside_add_print_mpcode] => 0
            [page] => 4
            [page_dvs] => 내지
            [page_detail] => 
            [basic_price] => 30000
            [rate] => 0
            [aplc_price] => 0
            [new_price] => 30000
        )

    [81] => Array
        (
            [amt] => 200
            [cate_sortcode] => 005001004
            [cate_paper_mpcode] => 1903
            [cate_stan_mpcode] => 914
            [cate_beforeside_print_mpcode] => 382
            [cate_beforeside_add_print_mpcode] => 0
            [cate_aftside_print_mpcode] => 0
            [cate_aftside_add_print_mpcode] => 0
            [page] => 4
            [page_dvs] => 내지
            [page_detail] => 
            [basic_price] => 10000
            [rate] => 0
            [aplc_price] => 0
            [new_price] => 10000
        )

    [82] => Array
        (
            [amt] => 500
            [cate_sortcode] => 005001004
            [cate_paper_mpcode] => 1903
            [cate_stan_mpcode] => 914
            [cate_beforeside_print_mpcode] => 382
            [cate_beforeside_add_print_mpcode] => 0
            [cate_aftside_print_mpcode] => 0
            [cate_aftside_add_print_mpcode] => 0
            [page] => 4
            [page_dvs] => 내지
            [page_detail] => 
            [basic_price] => 20000
            [rate] => 0
            [aplc_price] => 0
            [new_price] => 20000
        )

    [83] => Array
        (
            [amt] => 1000
            [cate_sortcode] => 005001004
            [cate_paper_mpcode] => 1903
            [cate_stan_mpcode] => 914
            [cate_beforeside_print_mpcode] => 382
            [cate_beforeside_add_print_mpcode] => 0
            [cate_aftside_print_mpcode] => 0
            [cate_aftside_add_print_mpcode] => 0
            [page] => 4
            [page_dvs] => 내지
            [page_detail] => 
            [basic_price] => 30000
            [rate] => 0
            [aplc_price] => 0
            [new_price] => 30000
        )

    [84] => Array
        (
            [amt] => 200
            [cate_sortcode] => 005001004
            [cate_paper_mpcode] => 1902
            [cate_stan_mpcode] => 915
            [cate_beforeside_print_mpcode] => 381
            [cate_beforeside_add_print_mpcode] => 0
            [cate_aftside_print_mpcode] => 0
            [cate_aftside_add_print_mpcode] => 0
            [page] => 4
            [page_dvs] => 내지
            [page_detail] => 
            [basic_price] => 10000
            [rate] => 0
            [aplc_price] => 0
            [new_price] => 10000
        )

    [85] => Array
        (
            [amt] => 500
            [cate_sortcode] => 005001004
            [cate_paper_mpcode] => 1902
            [cate_stan_mpcode] => 915
            [cate_beforeside_print_mpcode] => 381
            [cate_beforeside_add_print_mpcode] => 0
            [cate_aftside_print_mpcode] => 0
            [cate_aftside_add_print_mpcode] => 0
            [page] => 4
            [page_dvs] => 내지
            [page_detail] => 
            [basic_price] => 20000
            [rate] => 0
            [aplc_price] => 0
            [new_price] => 20000
        )

    [86] => Array
        (
            [amt] => 1000
            [cate_sortcode] => 005001004
            [cate_paper_mpcode] => 1902
            [cate_stan_mpcode] => 915
            [cate_beforeside_print_mpcode] => 381
            [cate_beforeside_add_print_mpcode] => 0
            [cate_aftside_print_mpcode] => 0
            [cate_aftside_add_print_mpcode] => 0
            [page] => 4
            [page_dvs] => 내지
            [page_detail] => 
            [basic_price] => 30000
            [rate] => 0
            [aplc_price] => 0
            [new_price] => 30000
        )

    [87] => Array
        (
            [amt] => 200
            [cate_sortcode] => 005001004
            [cate_paper_mpcode] => 1903
            [cate_stan_mpcode] => 915
            [cate_beforeside_print_mpcode] => 381
            [cate_beforeside_add_print_mpcode] => 0
            [cate_aftside_print_mpcode] => 0
            [cate_aftside_add_print_mpcode] => 0
            [page] => 4
            [page_dvs] => 내지
            [page_detail] => 
            [basic_price] => 10000
            [rate] => 0
            [aplc_price] => 0
            [new_price] => 10000
        )

    [88] => Array
        (
            [amt] => 500
            [cate_sortcode] => 005001004
            [cate_paper_mpcode] => 1903
            [cate_stan_mpcode] => 915
            [cate_beforeside_print_mpcode] => 381
            [cate_beforeside_add_print_mpcode] => 0
            [cate_aftside_print_mpcode] => 0
            [cate_aftside_add_print_mpcode] => 0
            [page] => 4
            [page_dvs] => 내지
            [page_detail] => 
            [basic_price] => 20000
            [rate] => 0
            [aplc_price] => 0
            [new_price] => 20000
        )

    [89] => Array
        (
            [amt] => 1000
            [cate_sortcode] => 005001004
            [cate_paper_mpcode] => 1903
            [cate_stan_mpcode] => 915
            [cate_beforeside_print_mpcode] => 381
            [cate_beforeside_add_print_mpcode] => 0
            [cate_aftside_print_mpcode] => 0
            [cate_aftside_add_print_mpcode] => 0
            [page] => 4
            [page_dvs] => 내지
            [page_detail] => 
            [basic_price] => 30000
            [rate] => 0
            [aplc_price] => 0
            [new_price] => 30000
        )

    [90] => Array
        (
            [amt] => 200
            [cate_sortcode] => 005001004
            [cate_paper_mpcode] => 1902
            [cate_stan_mpcode] => 915
            [cate_beforeside_print_mpcode] => 382
            [cate_beforeside_add_print_mpcode] => 0
            [cate_aftside_print_mpcode] => 0
            [cate_aftside_add_print_mpcode] => 0
            [page] => 4
            [page_dvs] => 내지
            [page_detail] => 
            [basic_price] => 10000
            [rate] => 0
            [aplc_price] => 0
            [new_price] => 10000
        )

    [91] => Array
        (
            [amt] => 500
            [cate_sortcode] => 005001004
            [cate_paper_mpcode] => 1902
            [cate_stan_mpcode] => 915
            [cate_beforeside_print_mpcode] => 382
            [cate_beforeside_add_print_mpcode] => 0
            [cate_aftside_print_mpcode] => 0
            [cate_aftside_add_print_mpcode] => 0
            [page] => 4
            [page_dvs] => 내지
            [page_detail] => 
            [basic_price] => 20000
            [rate] => 0
            [aplc_price] => 0
            [new_price] => 20000
        )

    [92] => Array
        (
            [amt] => 1000
            [cate_sortcode] => 005001004
            [cate_paper_mpcode] => 1902
            [cate_stan_mpcode] => 915
            [cate_beforeside_print_mpcode] => 382
            [cate_beforeside_add_print_mpcode] => 0
            [cate_aftside_print_mpcode] => 0
            [cate_aftside_add_print_mpcode] => 0
            [page] => 4
            [page_dvs] => 내지
            [page_detail] => 
            [basic_price] => 30000
            [rate] => 0
            [aplc_price] => 0
            [new_price] => 30000
        )

    [93] => Array
        (
            [amt] => 200
            [cate_sortcode] => 005001004
            [cate_paper_mpcode] => 1903
            [cate_stan_mpcode] => 915
            [cate_beforeside_print_mpcode] => 382
            [cate_beforeside_add_print_mpcode] => 0
            [cate_aftside_print_mpcode] => 0
            [cate_aftside_add_print_mpcode] => 0
            [page] => 4
            [page_dvs] => 내지
            [page_detail] => 
            [basic_price] => 10000
            [rate] => 0
            [aplc_price] => 0
            [new_price] => 10000
        )

    [94] => Array
        (
            [amt] => 500
            [cate_sortcode] => 005001004
            [cate_paper_mpcode] => 1903
            [cate_stan_mpcode] => 915
            [cate_beforeside_print_mpcode] => 382
            [cate_beforeside_add_print_mpcode] => 0
            [cate_aftside_print_mpcode] => 0
            [cate_aftside_add_print_mpcode] => 0
            [page] => 4
            [page_dvs] => 내지
            [page_detail] => 
            [basic_price] => 20000
            [rate] => 0
            [aplc_price] => 0
            [new_price] => 20000
        )

    [95] => Array
        (
            [amt] => 1000
            [cate_sortcode] => 005001004
            [cate_paper_mpcode] => 1903
            [cate_stan_mpcode] => 915
            [cate_beforeside_print_mpcode] => 382
            [cate_beforeside_add_print_mpcode] => 0
            [cate_aftside_print_mpcode] => 0
            [cate_aftside_add_print_mpcode] => 0
            [page] => 4
            [page_dvs] => 내지
            [page_detail] => 
            [basic_price] => 30000
            [rate] => 0
            [aplc_price] => 0
            [new_price] => 30000
        )

)

