

==================================================================================================
>>>>> 2016-08-09 10:15:03 <<<<<
==================================================================================================
>>>>> [message] <<<<<
# Code -> 922
# Message -> ORA-00922: 누락된 또는 부적합한 옵션
# OffSet -> 4
# SqlText -> SET SERVEROUTPUT ON;    DECLARE      P_CLNTNUM             VARCHAR2(400) := '30139938';  P_CLNTMGMCUSTCD       VARCHAR2(400) := '30139938';  P_PRNGDIVCD           VARCHAR2(400) := '01';  P_CGOSTS              VARCHAR2(400) := '91';  P_ADDRESS             VARCHAR2(400) := '서울 관악구 봉천동 180-96 66666666666666';  P_ZIPNUM              VARCHAR2(400);  P_ZIPID               VARCHAR2(400);  P_OLDADDRESS          VARCHAR2(400);  P_OLDADDRESSDTL       VARCHAR2(400);  P_NEWADDRESS          VARCHAR2(400);  P_NESADDRESSDTL       VARCHAR2(400);  P_ETCADDR             VARCHAR2(400);  P_SHORTADDR           VARCHAR2(400);  P_CLSFADDR            VARCHAR2(400);  P_CLLDLVBRANCD        VARCHAR2(400);  P_CLLDLVBRANNM        VARCHAR2(400);  P_CLLDLCBRANSHORTNM   VARCHAR2(400);  P_CLLDLVEMPNUM        VARCHAR2(400);  P_CLLDLVEMPNM         VARCHAR2(400);  P_CLLDLVEMPNICKNM     VARCHAR2(400);  P_CLSFCD              VARCHAR2(400);  P_CLSFNM              VARCHAR2(400);  P_SUBCLSFCD           VARCHAR2(400);  P_RSPSDIV             VARCHAR2(400);  P_NEWADDRYN           VARCHAR2(400);  P_ERRORCD             VARCHAR2(400);  P_ERRORMSG            VARCHAR2(400);BEGIN      PKG_RVAP_ADDRSEARCH.PR_RVAP_SEARCHADDRESS  (        P_CLNTNUM      , P_CLNTMGMCUSTCD      , P_PRNGDIVCD      , P_CGOSTS      , P_ADDRESS      , P_ZIPNUM      , P_ZIPID      , P_OLDADDRESS      , P_OLDADDRESSDTL      , P_NEWADDRESS      , P_NESADDRESSDTL      , P_ETCADDR      , P_SHORTADDR      , P_CLSFADDR      , P_CLLDLVBRANCD      , P_CLLDLVBRANNM      , P_CLLDLCBRANSHORTNM      , P_CLLDLVEMPNUM      , P_CLLDLVEMPNM      , P_CLLDLVEMPNICKNM      , P_CLSFCD      , P_CLSFNM      , P_SUBCLSFCD      , P_RSPSDIV      , P_NEWADDRYN      , P_ERRORCD      , P_ERRORMSG  );  DBMS_OUTPUT.PUT_LINE('P_CLNTNUM           : ' || NVL(P_CLNTNUM           , 'NULL'));  DBMS_OUTPUT.PUT_LINE('P_CLNTMGMCUSTCD     : ' || NVL(P_CLNTMGMCUSTCD     , 'NULL'));  DBMS_OUTPUT.PUT_LINE('P_PRNGDIVCD         : ' || NVL(P_PRNGDIVCD         , 'NULL'));  DBMS_OUTPUT.PUT_LINE('P_CGOSTS            : ' || NVL(P_CGOSTS            , 'NULL'));  DBMS_OUTPUT.PUT_LINE('P_ADDRESS           : ' || NVL(P_ADDRESS           , 'NULL'));  DBMS_OUTPUT.PUT_LINE('P_ZIPNUM            : ' || NVL(P_ZIPNUM            , 'NULL'));  DBMS_OUTPUT.PUT_LINE('P_ZIPID             : ' || NVL(P_ZIPID             , 'NULL'));  DBMS_OUTPUT.PUT_LINE('P_OLDADDRESS        : ' || NVL(P_OLDADDRESS        , 'NULL'));  DBMS_OUTPUT.PUT_LINE('P_OLDADDRESSDTL     : ' || NVL(P_OLDADDRESSDTL     , 'NULL'));  DBMS_OUTPUT.PUT_LINE('P_NEWADDRESS        : ' || NVL(P_NEWADDRESS        , 'NULL'));  DBMS_OUTPUT.PUT_LINE('P_NESADDRESSDTL     : ' || NVL(P_NESADDRESSDTL     , 'NULL'));  DBMS_OUTPUT.PUT_LINE('P_ETCADDR           : ' || NVL(P_ETCADDR           , 'NULL'));  DBMS_OUTPUT.PUT_LINE('P_SHORTADDR         : ' || NVL(P_SHORTADDR         , 'NULL'));  DBMS_OUTPUT.PUT_LINE('P_CLSFADDR          : ' || NVL(P_CLSFADDR          , 'NULL'));  DBMS_OUTPUT.PUT_LINE('P_CLLDLVBRANCD      : ' || NVL(P_CLLDLVBRANCD      , 'NULL'));  DBMS_OUTPUT.PUT_LINE('P_CLLDLVBRANNM      : ' || NVL(P_CLLDLVBRANNM      , 'NULL'));  DBMS_OUTPUT.PUT_LINE('P_CLLDLCBRANSHORTNM : ' || NVL(P_CLLDLCBRANSHORTNM , 'NULL'));  DBMS_OUTPUT.PUT_LINE('P_CLLDLVEMPNUM      : ' || NVL(P_CLLDLVEMPNUM      , 'NULL'));  DBMS_OUTPUT.PUT_LINE('P_CLLDLVEMPNM       : ' || NVL(P_CLLDLVEMPNM       , 'NULL'));  DBMS_OUTPUT.PUT_LINE('P_CLLDLVEMPNICKNM   : ' || NVL(P_CLLDLVEMPNICKNM   , 'NULL'));  DBMS_OUTPUT.PUT_LINE('P_CLSFCD            : ' || NVL(P_CLSFCD            , 'NULL'));  DBMS_OUTPUT.PUT_LINE('P_CLSFNM            : ' || NVL(P_CLSFNM            , 'NULL'));  DBMS_OUTPUT.PUT_LINE('P_SUBCLSFCD         : ' || NVL(P_SUBCLSFCD         , 'NULL'));  DBMS_OUTPUT.PUT_LINE('P_RSPSDIV           : ' || NVL(P_RSPSDIV           , 'NULL'));  DBMS_OUTPUT.PUT_LINE('P_NEWADDRYN         : ' || NVL(P_NEWADDRYN         , 'NULL'));  DBMS_OUTPUT.PUT_LINE('P_ERRORCD           : ' || NVL(P_ERRORCD           , 'NULL'));  DBMS_OUTPUT.PUT_LINE('P_ERRORMSG          : ' || NVL(P_ERRORMSG          , 'NULL'));EXCEPTION WHEN OTHERS THEN       DBMS_OUTPUT.PUT_LINE('CODE : ' || SQLCODE);   DBMS_OUTPUT.PUT_LINE('MSG  : ' || SQLERRM);END;


==================================================================================================
>>>>> 2016-08-09 10:15:22 <<<<<
==================================================================================================
>>>>> [message] <<<<<
# Code -> 
# Message -> 
# OffSet -> 
# SqlText -> 


==================================================================================================
>>>>> 2016-08-09 10:15:22 <<<<<
==================================================================================================
>>>>> [message] <<<<<
# Code -> 24374
# Message -> ORA-24374: 정의가 인출하기 전이거나 실행하고 인출할때까지는 종료되지 않습니다
# OffSet -> 0
# SqlText -> DECLARE      P_CLNTNUM             VARCHAR2(400) := '30139938';  P_CLNTMGMCUSTCD       VARCHAR2(400) := '30139938';  P_PRNGDIVCD           VARCHAR2(400) := '01';  P_CGOSTS              VARCHAR2(400) := '91';  P_ADDRESS             VARCHAR2(400) := '서울 관악구 봉천동 180-96 66666666666666';  P_ZIPNUM              VARCHAR2(400);  P_ZIPID               VARCHAR2(400);  P_OLDADDRESS          VARCHAR2(400);  P_OLDADDRESSDTL       VARCHAR2(400);  P_NEWADDRESS          VARCHAR2(400);  P_NESADDRESSDTL       VARCHAR2(400);  P_ETCADDR             VARCHAR2(400);  P_SHORTADDR           VARCHAR2(400);  P_CLSFADDR            VARCHAR2(400);  P_CLLDLVBRANCD        VARCHAR2(400);  P_CLLDLVBRANNM        VARCHAR2(400);  P_CLLDLCBRANSHORTNM   VARCHAR2(400);  P_CLLDLVEMPNUM        VARCHAR2(400);  P_CLLDLVEMPNM         VARCHAR2(400);  P_CLLDLVEMPNICKNM     VARCHAR2(400);  P_CLSFCD              VARCHAR2(400);  P_CLSFNM              VARCHAR2(400);  P_SUBCLSFCD           VARCHAR2(400);  P_RSPSDIV             VARCHAR2(400);  P_NEWADDRYN           VARCHAR2(400);  P_ERRORCD             VARCHAR2(400);  P_ERRORMSG            VARCHAR2(400);BEGIN      PKG_RVAP_ADDRSEARCH.PR_RVAP_SEARCHADDRESS  (        P_CLNTNUM      , P_CLNTMGMCUSTCD      , P_PRNGDIVCD      , P_CGOSTS      , P_ADDRESS      , P_ZIPNUM      , P_ZIPID      , P_OLDADDRESS      , P_OLDADDRESSDTL      , P_NEWADDRESS      , P_NESADDRESSDTL      , P_ETCADDR      , P_SHORTADDR      , P_CLSFADDR      , P_CLLDLVBRANCD      , P_CLLDLVBRANNM      , P_CLLDLCBRANSHORTNM      , P_CLLDLVEMPNUM      , P_CLLDLVEMPNM      , P_CLLDLVEMPNICKNM      , P_CLSFCD      , P_CLSFNM      , P_SUBCLSFCD      , P_RSPSDIV      , P_NEWADDRYN      , P_ERRORCD      , P_ERRORMSG  );  DBMS_OUTPUT.PUT_LINE('P_CLNTNUM           : ' || NVL(P_CLNTNUM           , 'NULL'));  DBMS_OUTPUT.PUT_LINE('P_CLNTMGMCUSTCD     : ' || NVL(P_CLNTMGMCUSTCD     , 'NULL'));  DBMS_OUTPUT.PUT_LINE('P_PRNGDIVCD         : ' || NVL(P_PRNGDIVCD         , 'NULL'));  DBMS_OUTPUT.PUT_LINE('P_CGOSTS            : ' || NVL(P_CGOSTS            , 'NULL'));  DBMS_OUTPUT.PUT_LINE('P_ADDRESS           : ' || NVL(P_ADDRESS           , 'NULL'));  DBMS_OUTPUT.PUT_LINE('P_ZIPNUM            : ' || NVL(P_ZIPNUM            , 'NULL'));  DBMS_OUTPUT.PUT_LINE('P_ZIPID             : ' || NVL(P_ZIPID             , 'NULL'));  DBMS_OUTPUT.PUT_LINE('P_OLDADDRESS        : ' || NVL(P_OLDADDRESS        , 'NULL'));  DBMS_OUTPUT.PUT_LINE('P_OLDADDRESSDTL     : ' || NVL(P_OLDADDRESSDTL     , 'NULL'));  DBMS_OUTPUT.PUT_LINE('P_NEWADDRESS        : ' || NVL(P_NEWADDRESS        , 'NULL'));  DBMS_OUTPUT.PUT_LINE('P_NESADDRESSDTL     : ' || NVL(P_NESADDRESSDTL     , 'NULL'));  DBMS_OUTPUT.PUT_LINE('P_ETCADDR           : ' || NVL(P_ETCADDR           , 'NULL'));  DBMS_OUTPUT.PUT_LINE('P_SHORTADDR         : ' || NVL(P_SHORTADDR         , 'NULL'));  DBMS_OUTPUT.PUT_LINE('P_CLSFADDR          : ' || NVL(P_CLSFADDR          , 'NULL'));  DBMS_OUTPUT.PUT_LINE('P_CLLDLVBRANCD      : ' || NVL(P_CLLDLVBRANCD      , 'NULL'));  DBMS_OUTPUT.PUT_LINE('P_CLLDLVBRANNM      : ' || NVL(P_CLLDLVBRANNM      , 'NULL'));  DBMS_OUTPUT.PUT_LINE('P_CLLDLCBRANSHORTNM : ' || NVL(P_CLLDLCBRANSHORTNM , 'NULL'));  DBMS_OUTPUT.PUT_LINE('P_CLLDLVEMPNUM      : ' || NVL(P_CLLDLVEMPNUM      , 'NULL'));  DBMS_OUTPUT.PUT_LINE('P_CLLDLVEMPNM       : ' || NVL(P_CLLDLVEMPNM       , 'NULL'));  DBMS_OUTPUT.PUT_LINE('P_CLLDLVEMPNICKNM   : ' || NVL(P_CLLDLVEMPNICKNM   , 'NULL'));  DBMS_OUTPUT.PUT_LINE('P_CLSFCD            : ' || NVL(P_CLSFCD            , 'NULL'));  DBMS_OUTPUT.PUT_LINE('P_CLSFNM            : ' || NVL(P_CLSFNM            , 'NULL'));  DBMS_OUTPUT.PUT_LINE('P_SUBCLSFCD         : ' || NVL(P_SUBCLSFCD         , 'NULL'));  DBMS_OUTPUT.PUT_LINE('P_RSPSDIV           : ' || NVL(P_RSPSDIV           , 'NULL'));  DBMS_OUTPUT.PUT_LINE('P_NEWADDRYN         : ' || NVL(P_NEWADDRYN         , 'NULL'));  DBMS_OUTPUT.PUT_LINE('P_ERRORCD           : ' || NVL(P_ERRORCD           , 'NULL'));  DBMS_OUTPUT.PUT_LINE('P_ERRORMSG          : ' || NVL(P_ERRORMSG          , 'NULL'));EXCEPTION WHEN OTHERS THEN       DBMS_OUTPUT.PUT_LINE('CODE : ' || SQLCODE);   DBMS_OUTPUT.PUT_LINE('MSG  : ' || SQLERRM);END;


==================================================================================================
>>>>> 2016-08-09 10:55:35 <<<<<
==================================================================================================
>>>>> [message] <<<<<
# Code -> 
# Message -> 
# OffSet -> 
# SqlText -> 


==================================================================================================
>>>>> 2016-08-09 10:55:35 <<<<<
==================================================================================================
>>>>> [message] <<<<<
# Code -> 24374
# Message -> ORA-24374: 정의가 인출하기 전이거나 실행하고 인출할때까지는 종료되지 않습니다
# OffSet -> 0
# SqlText -> DECLARE      P_CLNTNUM             VARCHAR2(400) := '30139938';  P_CLNTMGMCUSTCD       VARCHAR2(400) := '30139938';  P_PRNGDIVCD           VARCHAR2(400) := '01';  P_CGOSTS              VARCHAR2(400) := '91';  P_ADDRESS             VARCHAR2(400) := '서울 관악구 봉천동 180-96 66666666666666';  P_ZIPNUM              VARCHAR2(400);  P_ZIPID               VARCHAR2(400);  P_OLDADDRESS          VARCHAR2(400);  P_OLDADDRESSDTL       VARCHAR2(400);  P_NEWADDRESS          VARCHAR2(400);  P_NESADDRESSDTL       VARCHAR2(400);  P_ETCADDR             VARCHAR2(400);  P_SHORTADDR           VARCHAR2(400);  P_CLSFADDR            VARCHAR2(400);  P_CLLDLVBRANCD        VARCHAR2(400);  P_CLLDLVBRANNM        VARCHAR2(400);  P_CLLDLCBRANSHORTNM   VARCHAR2(400);  P_CLLDLVEMPNUM        VARCHAR2(400);  P_CLLDLVEMPNM         VARCHAR2(400);  P_CLLDLVEMPNICKNM     VARCHAR2(400);  P_CLSFCD              VARCHAR2(400);  P_CLSFNM              VARCHAR2(400);  P_SUBCLSFCD           VARCHAR2(400);  P_RSPSDIV             VARCHAR2(400);  P_NEWADDRYN           VARCHAR2(400);  P_ERRORCD             VARCHAR2(400);  P_ERRORMSG            VARCHAR2(400);BEGIN      PKG_RVAP_ADDRSEARCH.PR_RVAP_SEARCHADDRESS  (        P_CLNTNUM      , P_CLNTMGMCUSTCD      , P_PRNGDIVCD      , P_CGOSTS      , P_ADDRESS      , P_ZIPNUM      , P_ZIPID      , P_OLDADDRESS      , P_OLDADDRESSDTL      , P_NEWADDRESS      , P_NESADDRESSDTL      , P_ETCADDR      , P_SHORTADDR      , P_CLSFADDR      , P_CLLDLVBRANCD      , P_CLLDLVBRANNM      , P_CLLDLCBRANSHORTNM      , P_CLLDLVEMPNUM      , P_CLLDLVEMPNM      , P_CLLDLVEMPNICKNM      , P_CLSFCD      , P_CLSFNM      , P_SUBCLSFCD      , P_RSPSDIV      , P_NEWADDRYN      , P_ERRORCD      , P_ERRORMSG  );  DBMS_OUTPUT.PUT_LINE('P_CLNTNUM           : ' || NVL(P_CLNTNUM           , 'NULL'));  DBMS_OUTPUT.PUT_LINE('P_CLNTMGMCUSTCD     : ' || NVL(P_CLNTMGMCUSTCD     , 'NULL'));  DBMS_OUTPUT.PUT_LINE('P_PRNGDIVCD         : ' || NVL(P_PRNGDIVCD         , 'NULL'));  DBMS_OUTPUT.PUT_LINE('P_CGOSTS            : ' || NVL(P_CGOSTS            , 'NULL'));  DBMS_OUTPUT.PUT_LINE('P_ADDRESS           : ' || NVL(P_ADDRESS           , 'NULL'));  DBMS_OUTPUT.PUT_LINE('P_ZIPNUM            : ' || NVL(P_ZIPNUM            , 'NULL'));  DBMS_OUTPUT.PUT_LINE('P_ZIPID             : ' || NVL(P_ZIPID             , 'NULL'));  DBMS_OUTPUT.PUT_LINE('P_OLDADDRESS        : ' || NVL(P_OLDADDRESS        , 'NULL'));  DBMS_OUTPUT.PUT_LINE('P_OLDADDRESSDTL     : ' || NVL(P_OLDADDRESSDTL     , 'NULL'));  DBMS_OUTPUT.PUT_LINE('P_NEWADDRESS        : ' || NVL(P_NEWADDRESS        , 'NULL'));  DBMS_OUTPUT.PUT_LINE('P_NESADDRESSDTL     : ' || NVL(P_NESADDRESSDTL     , 'NULL'));  DBMS_OUTPUT.PUT_LINE('P_ETCADDR           : ' || NVL(P_ETCADDR           , 'NULL'));  DBMS_OUTPUT.PUT_LINE('P_SHORTADDR         : ' || NVL(P_SHORTADDR         , 'NULL'));  DBMS_OUTPUT.PUT_LINE('P_CLSFADDR          : ' || NVL(P_CLSFADDR          , 'NULL'));  DBMS_OUTPUT.PUT_LINE('P_CLLDLVBRANCD      : ' || NVL(P_CLLDLVBRANCD      , 'NULL'));  DBMS_OUTPUT.PUT_LINE('P_CLLDLVBRANNM      : ' || NVL(P_CLLDLVBRANNM      , 'NULL'));  DBMS_OUTPUT.PUT_LINE('P_CLLDLCBRANSHORTNM : ' || NVL(P_CLLDLCBRANSHORTNM , 'NULL'));  DBMS_OUTPUT.PUT_LINE('P_CLLDLVEMPNUM      : ' || NVL(P_CLLDLVEMPNUM      , 'NULL'));  DBMS_OUTPUT.PUT_LINE('P_CLLDLVEMPNM       : ' || NVL(P_CLLDLVEMPNM       , 'NULL'));  DBMS_OUTPUT.PUT_LINE('P_CLLDLVEMPNICKNM   : ' || NVL(P_CLLDLVEMPNICKNM   , 'NULL'));  DBMS_OUTPUT.PUT_LINE('P_CLSFCD            : ' || NVL(P_CLSFCD            , 'NULL'));  DBMS_OUTPUT.PUT_LINE('P_CLSFNM            : ' || NVL(P_CLSFNM            , 'NULL'));  DBMS_OUTPUT.PUT_LINE('P_SUBCLSFCD         : ' || NVL(P_SUBCLSFCD         , 'NULL'));  DBMS_OUTPUT.PUT_LINE('P_RSPSDIV           : ' || NVL(P_RSPSDIV           , 'NULL'));  DBMS_OUTPUT.PUT_LINE('P_NEWADDRYN         : ' || NVL(P_NEWADDRYN         , 'NULL'));  DBMS_OUTPUT.PUT_LINE('P_ERRORCD           : ' || NVL(P_ERRORCD           , 'NULL'));  DBMS_OUTPUT.PUT_LINE('P_ERRORMSG          : ' || NVL(P_ERRORMSG          , 'NULL'));EXCEPTION WHEN OTHERS THEN       DBMS_OUTPUT.PUT_LINE('CODE : ' || SQLCODE);   DBMS_OUTPUT.PUT_LINE('MSG  : ' || SQLERRM);END;


==================================================================================================
>>>>> 2016-08-09 14:14:06 <<<<<
==================================================================================================
>>>>> [message] <<<<<
# Code -> 942
# Message -> ORA-00942: 테이블 또는 뷰가 존재하지 않습니다
# OffSet -> 34
# SqlText -> SELECT * FROM PKG_RVAP_ADDRSEARCH.PR_RVAP_SEARCHADDRESS WHERE P_CLNTNUM = '30139938' AND P_CLNTMGMCUSTCD = '30139938' AND P_PRNGDIVCD = '01' AND P_CGOSTS = '91' AND P_ADDRESS = '서울 관악구 봉천동 180-96 66666666666666'


==================================================================================================
>>>>> 2016-08-09 14:14:33 <<<<<
==================================================================================================
>>>>> [message] <<<<<
# Code -> 942
# Message -> ORA-00942: 테이블 또는 뷰가 존재하지 않습니다
# OffSet -> 34
# SqlText -> SELECT * FROM PKG_RVAP_ADDRSEARCH.PR_RVAP_SEARCHADDRESS WHERE P_CLNTNUM = '30139938' AND P_CLNTMGMCUSTCD = '30139938' AND P_PRNGDIVCD = '01' AND P_CGOSTS = '91' AND P_ADDRESS = '서울 관악구 봉천동 180-96 66666666666666'


==================================================================================================
>>>>> 2016-08-09 14:15:07 <<<<<
==================================================================================================
>>>>> [message] <<<<<
# Code -> 942
# Message -> ORA-00942: 테이블 또는 뷰가 존재하지 않습니다
# OffSet -> 34
# SqlText -> SELECT * FROM PKG_RVAP_ADDRSEARCH.PR_RVAP_SEARCHADDRESS WHERE P_CLNTNUM = '30139938' AND P_CLNTMGMCUSTCD = '30139938' AND P_PRNGDIVCD = '01' AND P_CGOSTS = '91' AND P_ADDRESS = '서울 관악구 봉천동 180-96 66666666666666'


==================================================================================================
>>>>> 2016-08-09 14:17:38 <<<<<
==================================================================================================
>>>>> [message] <<<<<
# Code -> 942
# Message -> ORA-00942: 테이블 또는 뷰가 존재하지 않습니다
# OffSet -> 14
# SqlText -> SELECT * FROM V_TRACE_GDPRINTING020 WHERE P_CLNTNUM = '30139938' AND P_CLNTMGMCUSTCD = '30139938' AND P_PRNGDIVCD = '01' AND P_CGOSTS = '91' AND P_ADDRESS = '서울 관악구 봉천동 180-96 66666666666666'


==================================================================================================
>>>>> 2016-08-09 14:20:53 <<<<<
==================================================================================================
>>>>> [message] <<<<<
# Code -> 
# Message -> 
# OffSet -> 
# SqlText -> 


==================================================================================================
>>>>> 2016-08-09 14:20:53 <<<<<
==================================================================================================
>>>>> [message] <<<<<
# Code -> 24374
# Message -> ORA-24374: 정의가 인출하기 전이거나 실행하고 인출할때까지는 종료되지 않습니다
# OffSet -> 0
# SqlText -> DECLARE      P_CLNTNUM             VARCHAR2(400) := '30139938';  P_CLNTMGMCUSTCD       VARCHAR2(400) := '30139938';  P_PRNGDIVCD           VARCHAR2(400) := '01';  P_CGOSTS              VARCHAR2(400) := '91';  P_ADDRESS             VARCHAR2(400) := '서울 관악구 봉천동 180-96 66666666666666';  P_ZIPNUM              VARCHAR2(400);  P_ZIPID               VARCHAR2(400);  P_OLDADDRESS          VARCHAR2(400);  P_OLDADDRESSDTL       VARCHAR2(400);  P_NEWADDRESS          VARCHAR2(400);  P_NESADDRESSDTL       VARCHAR2(400);  P_ETCADDR             VARCHAR2(400);  P_SHORTADDR           VARCHAR2(400);  P_CLSFADDR            VARCHAR2(400);  P_CLLDLVBRANCD        VARCHAR2(400);  P_CLLDLVBRANNM        VARCHAR2(400);  P_CLLDLCBRANSHORTNM   VARCHAR2(400);  P_CLLDLVEMPNUM        VARCHAR2(400);  P_CLLDLVEMPNM         VARCHAR2(400);  P_CLLDLVEMPNICKNM     VARCHAR2(400);  P_CLSFCD              VARCHAR2(400);  P_CLSFNM              VARCHAR2(400);  P_SUBCLSFCD           VARCHAR2(400);  P_RSPSDIV             VARCHAR2(400);  P_NEWADDRYN           VARCHAR2(400);  P_ERRORCD             VARCHAR2(400);  P_ERRORMSG            VARCHAR2(400);BEGIN      PKG_RVAP_ADDRSEARCH.PR_RVAP_SEARCHADDRESS  (        P_CLNTNUM      , P_CLNTMGMCUSTCD      , P_PRNGDIVCD      , P_CGOSTS      , P_ADDRESS      , P_ZIPNUM      , P_ZIPID      , P_OLDADDRESS      , P_OLDADDRESSDTL      , P_NEWADDRESS      , P_NESADDRESSDTL      , P_ETCADDR      , P_SHORTADDR      , P_CLSFADDR      , P_CLLDLVBRANCD      , P_CLLDLVBRANNM      , P_CLLDLCBRANSHORTNM      , P_CLLDLVEMPNUM      , P_CLLDLVEMPNM      , P_CLLDLVEMPNICKNM      , P_CLSFCD      , P_CLSFNM      , P_SUBCLSFCD      , P_RSPSDIV      , P_NEWADDRYN      , P_ERRORCD      , P_ERRORMSG  );END;


==================================================================================================
>>>>> 2016-08-09 14:23:00 <<<<<
==================================================================================================
>>>>> [message] <<<<<
# Code -> 
# Message -> 
# OffSet -> 
# SqlText -> 


==================================================================================================
>>>>> 2016-08-09 14:23:00 <<<<<
==================================================================================================
>>>>> [message] <<<<<
# Code -> 24374
# Message -> ORA-24374: 정의가 인출하기 전이거나 실행하고 인출할때까지는 종료되지 않습니다
# OffSet -> 0
# SqlText -> DECLARE      P_CLNTNUM             VARCHAR2(400) := '30139938';  P_CLNTMGMCUSTCD       VARCHAR2(400) := '30139938';  P_PRNGDIVCD           VARCHAR2(400) := '01';  P_CGOSTS              VARCHAR2(400) := '91';  P_ADDRESS             VARCHAR2(400) := '서울 관악구 봉천동 180-96 66666666666666';  P_ZIPNUM              VARCHAR2(400);  P_ZIPID               VARCHAR2(400);  P_OLDADDRESS          VARCHAR2(400);  P_OLDADDRESSDTL       VARCHAR2(400);  P_NEWADDRESS          VARCHAR2(400);  P_NESADDRESSDTL       VARCHAR2(400);  P_ETCADDR             VARCHAR2(400);  P_SHORTADDR           VARCHAR2(400);  P_CLSFADDR            VARCHAR2(400);  P_CLLDLVBRANCD        VARCHAR2(400);  P_CLLDLVBRANNM        VARCHAR2(400);  P_CLLDLCBRANSHORTNM   VARCHAR2(400);  P_CLLDLVEMPNUM        VARCHAR2(400);  P_CLLDLVEMPNM         VARCHAR2(400);  P_CLLDLVEMPNICKNM     VARCHAR2(400);  P_CLSFCD              VARCHAR2(400);  P_CLSFNM              VARCHAR2(400);  P_SUBCLSFCD           VARCHAR2(400);  P_RSPSDIV             VARCHAR2(400);  P_NEWADDRYN           VARCHAR2(400);  P_ERRORCD             VARCHAR2(400);  P_ERRORMSG            VARCHAR2(400);BEGIN      PKG_RVAP_ADDRSEARCH.PR_RVAP_SEARCHADDRESS  (        P_CLNTNUM      , P_CLNTMGMCUSTCD      , P_PRNGDIVCD      , P_CGOSTS      , P_ADDRESS      , P_ZIPNUM      , P_ZIPID      , P_OLDADDRESS      , P_OLDADDRESSDTL      , P_NEWADDRESS      , P_NESADDRESSDTL      , P_ETCADDR      , P_SHORTADDR      , P_CLSFADDR      , P_CLLDLVBRANCD      , P_CLLDLVBRANNM      , P_CLLDLCBRANSHORTNM      , P_CLLDLVEMPNUM      , P_CLLDLVEMPNM      , P_CLLDLVEMPNICKNM      , P_CLSFCD      , P_CLSFNM      , P_SUBCLSFCD      , P_RSPSDIV      , P_NEWADDRYN      , P_ERRORCD      , P_ERRORMSG  );END;


==================================================================================================
>>>>> 2016-08-09 14:25:03 <<<<<
==================================================================================================
>>>>> [message] <<<<<
# Code -> 
# Message -> 
# OffSet -> 
# SqlText -> 


==================================================================================================
>>>>> 2016-08-09 14:25:03 <<<<<
==================================================================================================
>>>>> [message] <<<<<
# Code -> 24374
# Message -> ORA-24374: 정의가 인출하기 전이거나 실행하고 인출할때까지는 종료되지 않습니다
# OffSet -> 0
# SqlText -> DECLARE      P_CLNTNUM             VARCHAR2(400) := '30139938';  P_CLNTMGMCUSTCD       VARCHAR2(400) := '30139938';  P_PRNGDIVCD           VARCHAR2(400) := '01';  P_CGOSTS              VARCHAR2(400) := '91';  P_ADDRESS             VARCHAR2(400) := '서울 관악구 봉천동 180-96 66666666666666';  P_ZIPNUM              VARCHAR2(400);  P_ZIPID               VARCHAR2(400);  P_OLDADDRESS          VARCHAR2(400);  P_OLDADDRESSDTL       VARCHAR2(400);  P_NEWADDRESS          VARCHAR2(400);  P_NESADDRESSDTL       VARCHAR2(400);  P_ETCADDR             VARCHAR2(400);  P_SHORTADDR           VARCHAR2(400);  P_CLSFADDR            VARCHAR2(400);  P_CLLDLVBRANCD        VARCHAR2(400);  P_CLLDLVBRANNM        VARCHAR2(400);  P_CLLDLCBRANSHORTNM   VARCHAR2(400);  P_CLLDLVEMPNUM        VARCHAR2(400);  P_CLLDLVEMPNM         VARCHAR2(400);  P_CLLDLVEMPNICKNM     VARCHAR2(400);  P_CLSFCD              VARCHAR2(400);  P_CLSFNM              VARCHAR2(400);  P_SUBCLSFCD           VARCHAR2(400);  P_RSPSDIV             VARCHAR2(400);  P_NEWADDRYN           VARCHAR2(400);  P_ERRORCD             VARCHAR2(400);  P_ERRORMSG            VARCHAR2(400);BEGIN      PKG_RVAP_ADDRSEARCH.PR_RVAP_SEARCHADDRESS  (        P_CLNTNUM      , P_CLNTMGMCUSTCD      , P_PRNGDIVCD      , P_CGOSTS      , P_ADDRESS      , P_ZIPNUM      , P_ZIPID      , P_OLDADDRESS      , P_OLDADDRESSDTL      , P_NEWADDRESS      , P_NESADDRESSDTL      , P_ETCADDR      , P_SHORTADDR      , P_CLSFADDR      , P_CLLDLVBRANCD      , P_CLLDLVBRANNM      , P_CLLDLCBRANSHORTNM      , P_CLLDLVEMPNUM      , P_CLLDLVEMPNM      , P_CLLDLVEMPNICKNM      , P_CLSFCD      , P_CLSFNM      , P_SUBCLSFCD      , P_RSPSDIV      , P_NEWADDRYN      , P_ERRORCD      , P_ERRORMSG  );END;


==================================================================================================
>>>>> 2016-08-09 14:28:19 <<<<<
==================================================================================================
>>>>> [message] <<<<<
# Code -> 
# Message -> 
# OffSet -> 
# SqlText -> 


==================================================================================================
>>>>> 2016-08-09 14:28:19 <<<<<
==================================================================================================
>>>>> [message] <<<<<
# Code -> 24374
# Message -> ORA-24374: 정의가 인출하기 전이거나 실행하고 인출할때까지는 종료되지 않습니다
# OffSet -> 0
# SqlText -> DECLARE      P_CLNTNUM             VARCHAR2(400) := '30139938';  P_CLNTMGMCUSTCD       VARCHAR2(400) := '30139938';  P_PRNGDIVCD           VARCHAR2(400) := '01';  P_CGOSTS              VARCHAR2(400) := '91';  P_ADDRESS             VARCHAR2(400) := '서울 관악구 봉천동 180-96 66666666666666';  P_ZIPNUM              VARCHAR2(400);  P_ZIPID               VARCHAR2(400);  P_OLDADDRESS          VARCHAR2(400);  P_OLDADDRESSDTL       VARCHAR2(400);  P_NEWADDRESS          VARCHAR2(400);  P_NESADDRESSDTL       VARCHAR2(400);  P_ETCADDR             VARCHAR2(400);  P_SHORTADDR           VARCHAR2(400);  P_CLSFADDR            VARCHAR2(400);  P_CLLDLVBRANCD        VARCHAR2(400);  P_CLLDLVBRANNM        VARCHAR2(400);  P_CLLDLCBRANSHORTNM   VARCHAR2(400);  P_CLLDLVEMPNUM        VARCHAR2(400);  P_CLLDLVEMPNM         VARCHAR2(400);  P_CLLDLVEMPNICKNM     VARCHAR2(400);  P_CLSFCD              VARCHAR2(400);  P_CLSFNM              VARCHAR2(400);  P_SUBCLSFCD           VARCHAR2(400);  P_RSPSDIV             VARCHAR2(400);  P_NEWADDRYN           VARCHAR2(400);  P_ERRORCD             VARCHAR2(400);  P_ERRORMSG            VARCHAR2(400);BEGIN      PKG_RVAP_ADDRSEARCH.PR_RVAP_SEARCHADDRESS  (        P_CLNTNUM      , P_CLNTMGMCUSTCD      , P_PRNGDIVCD      , P_CGOSTS      , P_ADDRESS      , P_ZIPNUM      , P_ZIPID      , P_OLDADDRESS      , P_OLDADDRESSDTL      , P_NEWADDRESS      , P_NESADDRESSDTL      , P_ETCADDR      , P_SHORTADDR      , P_CLSFADDR      , P_CLLDLVBRANCD      , P_CLLDLVBRANNM      , P_CLLDLCBRANSHORTNM      , P_CLLDLVEMPNUM      , P_CLLDLVEMPNM      , P_CLLDLVEMPNICKNM      , P_CLSFCD      , P_CLSFNM      , P_SUBCLSFCD      , P_RSPSDIV      , P_NEWADDRYN      , P_ERRORCD      , P_ERRORMSG  );END;


==================================================================================================
>>>>> 2016-08-09 14:31:58 <<<<<
==================================================================================================
>>>>> [message] <<<<<
# Code -> 942
# Message -> ORA-00942: 테이블 또는 뷰가 존재하지 않습니다
# OffSet -> 34
# SqlText -> SELECT * FROM PKG_RVAP_ADDRSEARCH.PR_RVAP_SEARCHADDRESS WHERE P_CLNTNUM = '30139938' AND P_CLNTMGMCUSTCD = '30139938' AND P_PRNGDIVCD = '01' AND P_CGOSTS = '91' AND P_ADDRESS = '서울 관악구 봉천동 180-96 66666666666666'


==================================================================================================
>>>>> 2016-08-09 14:32:50 <<<<<
==================================================================================================
>>>>> [message] <<<<<
# Code -> 4044
# Message -> ORA-04044: 프로시저, 함수, 패키지 또는 유형이 이곳에서 허용되지 않습니다
# OffSet -> 14
# SqlText -> SELECT * FROM PKG_RVAP_ADDRSEARCH WHERE P_CLNTNUM = '30139938' AND P_CLNTMGMCUSTCD = '30139938' AND P_PRNGDIVCD = '01' AND P_CGOSTS = '91' AND P_ADDRESS = '서울 관악구 봉천동 180-96 66666666666666'


==================================================================================================
>>>>> 2016-08-09 15:00:59 <<<<<
==================================================================================================
>>>>> [message] <<<<<
# Code -> 6550
# Message -> ORA-06550: 줄 1, 열61:PLS-00103: 심볼 ")"를 만났습니다 다음 중 하나가 기대될 때: ( - + case
   mod new not null <식별자> <큰 따옴표로 구분된 식별자>
   <바인드 변수> continue avg count current exists max min prior
   sql stddev sum variance execute forall merge time timestamp
   interval date <문자 집합 사양을 사용하는 문자열 리터럴>
   <번호> <작은 따옴표로 묶인 SQL 문자열> pipe
   <문자 집합을 지정하여 대체 인용 부호로 묶인 문자열 리터럴>
   <대체 인용 부호로 묶인 SQL 문자열> purge
심볼이 "null" 계속하기 위하여 ")"로 치환되었
ORA-06550: 줄 1, 열68:PLS-00103: 심볼 "WHERE"를 만났습니다 
ORA-06550: 줄 1, 열230:PLS-00103: 심볼 "end-of-file"를 만났습니다 다음 중 하나가 기대될 때: * &
   - + / at for mod remainder rem <지수(**)> and or group having
   intersect minus order start union where connect || multiset
# OffSet -> 60
# SqlText -> BEGIN PKG_RVAP_ADDRSEARCH.PR_RVAP_SEARCHADDRESS (:P_CLNTNUM,); END;WHERE P_CLNTNUM = '30139938' AND P_CLNTMGMCUSTCD = '30139938' AND P_PRNGDIVCD = '01' AND P_CGOSTS = '91' AND P_ADDRESS = '서울 관악구 봉천동 180-96 66666666666666'
