[LOG] 2018-07-19 9:31:29 mkdir SUCCESS
[%s] %s %s %s
[LOG] 2018-07-19 9:46:39 Log File Open SUCCESS
[%s] %s %s %s
[LOG] 2018-07-19 9:47:15 Log File Open SUCCESS
[%s] %s %s %s
[LOG] 2018-07-19 9:49:22 Log File Open SUCCESS
[%s] %s %s %s
[LOG] 2018-07-19 9:50:15 Log File Open SUCCESS
[%s] %s %s %s
[LOG] 2018-07-19 9:54:29 Log File Open SUCCESS
[%s] %s %s %s
[LOG] 2018-07-19 9:55:21 Log File Open SUCCESS
[%s] %s %s %s
[LOG] 2018-07-19 9:58:32 Log File Open SUCCESS
[%s] %s %s %s
[LOG] 2018-07-19 10:00:40 Log File Open SUCCESS
[%s] %s %s %s
[LOG] 2018-07-19 10:07:30 Log File Open SUCCESS
[%s] %s %s %s
[LOG] 2018-07-19 10:10:17 Log File Open SUCCESS
[%s] %s %s %s
[LOG] 2018-07-19 10:13:21 Log File Open SUCCESS
[%s] %s %s %s
[LOG] 2018-07-19 10:13:51 Log File Open SUCCESS
[%s] %s %s %s
[LOG] 2018-07-19 10:13:59 Log File Open SUCCESS
[%s] %s %s %s
[LOG] 2018-07-19 10:14:25 Log File Open SUCCESS
[LOG] 2018-07-19 10:21:11 Log File Open SUCCESS
[%s] %s %s %s
[LOG] 2018-07-19 10:21:22 Log File Open SUCCESS
[%s] %s %s %s
[LOG] 2018-07-19 10:25:21 Log File Open SUCCESS
[LOG] 2018-07-19 10:25:34 Log File Open SUCCESS
[LOG] 2018-07-19 10:26:25 Log File Open SUCCESS
[LOG] 2018-07-19 10:27:35 Log File Open SUCCESS
[LOG] 2018-07-19 10:27:48 Log File Open SUCCESS
[LOG] 2018-07-19 10:44:43 Log File Open SUCCESS
[LOG] 2018-07-19 10:45:21 Log File Open SUCCESS
[LOG] 2018-07-19 10:46:11 Log File Open SUCCESS
[LOG] 2018-07-19 10:46:40 Log File Open SUCCESS
[LOG] 2018-07-19 10:49:00 Log File Open SUCCESS
[%s] %s %s %s
[LOG] 2018-07-19 10:49:29 Log File Open SUCCESS
[LOG] 2018-07-19 10:50:04 Log File Open SUCCESS
[LOG] 2018-07-19 10:50:29 Log File Open SUCCESS
[LOG] 2018-07-19 10:51:07 Log File Open SUCCESS
[LOG] 2018-07-19 10:51:24 Log File Open SUCCESS
[LOG] 2018-07-19 11:02:39 Log File Open SUCCESS
[LOG] 2018-07-19 11:27:39 Log File Open SUCCESS
[%s] %s %s %s
[LOG] 2018-07-19 11:41:43 Log File Open SUCCESS
[%s] %s %s %s
[LOG] 2018-07-19 11:51:09 Log File Open SUCCESS
[4419] 2018-07-19 11:51:09 365370,2018-07-31 FAILED
[%s] %s %s %s
[LOG] 2018-07-19 11:52:08 Log File Open SUCCESS
[4419] 2018-07-19 11:52:09 365370,2018-07-31 FAILED
[%s] %s %s %s
[LOG] 2018-07-19 11:52:33 Log File Open SUCCESS
[4419] 2018-07-19 11:52:34 365370,2018-07-31 SUCCESS
[%s] %s %s %s
[LOG] 2018-07-19 11:57:46 Log File Open SUCCESS
[4419] 2018-07-19 11:57:47 365370,2018-08-31 SUCCESS
[%s] %s %s %s
[LOG] 2018-07-19 18:30:12 Log File Open SUCCESS
[%s] %s %s %s
