!----------------------
[ORDER_INFO] GPT170811BL00013 : 주문부족금액 =  48400
 [MEMBER_INFO] 1 : 선입금액 = 0 / 주문부족금액 = 268880
[PROC_INFO] 주문부족금액 > 선입금액 :  48400 > 0
[ORDER_INFO] GPT170814NC00019 : 주문부족금액 =  4950
 [MEMBER_INFO] 1 : 선입금액 = 0 / 주문부족금액 = 268880
[PROC_INFO] 주문부족금액 > 선입금액 :  4950 > 0
[ORDER_INFO] GPT170814NC00022 : 주문부족금액 =  4950
 [MEMBER_INFO] 1 : 선입금액 = 0 / 주문부족금액 = 268880
[PROC_INFO] 주문부족금액 > 선입금액 :  4950 > 0
[ORDER_INFO] GPT170814NC00028 : 주문부족금액 =  7700
 [MEMBER_INFO] 1 : 선입금액 = 0 / 주문부족금액 = 268880
[PROC_INFO] 주문부족금액 > 선입금액 :  7700 > 0
[ORDER_INFO] GPT170814NC00029 : 주문부족금액 =  5980
 [MEMBER_INFO] 1 : 선입금액 = 0 / 주문부족금액 = 268880
[PROC_INFO] 주문부족금액 > 선입금액 :  5980 > 0
[ORDER_INFO] GPT170814NC00033 : 주문부족금액 =  5980
 [MEMBER_INFO] 1 : 선입금액 = 0 / 주문부족금액 = 268880
[PROC_INFO] 주문부족금액 > 선입금액 :  5980 > 0
[ORDER_INFO] GPT170814NC00042 : 주문부족금액 =  3230
 [MEMBER_INFO] 1 : 선입금액 = 0 / 주문부족금액 = 268880
[PROC_INFO] 주문부족금액 > 선입금액 :  3230 > 0
[ORDER_INFO] GPT170814NC00043 : 주문부족금액 =  3230
 [MEMBER_INFO] 1 : 선입금액 = 0 / 주문부족금액 = 268880
[PROC_INFO] 주문부족금액 > 선입금액 :  3230 > 0
!----------------------
[ORDER_INFO] GPT170811BL00013 : 주문부족금액 =  48400
 [MEMBER_INFO] 1 : 선입금액 = 0 / 주문부족금액 = 268880
[PROC_INFO] 주문부족금액 > 선입금액 :  48400 > 0
[ORDER_INFO] GPT170814NC00019 : 주문부족금액 =  4950
 [MEMBER_INFO] 1 : 선입금액 = 0 / 주문부족금액 = 268880
[PROC_INFO] 주문부족금액 > 선입금액 :  4950 > 0
[ORDER_INFO] GPT170814NC00022 : 주문부족금액 =  4950
 [MEMBER_INFO] 1 : 선입금액 = 0 / 주문부족금액 = 268880
[PROC_INFO] 주문부족금액 > 선입금액 :  4950 > 0
[ORDER_INFO] GPT170814NC00028 : 주문부족금액 =  7700
 [MEMBER_INFO] 1 : 선입금액 = 0 / 주문부족금액 = 268880
[PROC_INFO] 주문부족금액 > 선입금액 :  7700 > 0
[ORDER_INFO] GPT170814NC00029 : 주문부족금액 =  5980
 [MEMBER_INFO] 1 : 선입금액 = 0 / 주문부족금액 = 268880
[PROC_INFO] 주문부족금액 > 선입금액 :  5980 > 0
[ORDER_INFO] GPT170814NC00033 : 주문부족금액 =  5980
 [MEMBER_INFO] 1 : 선입금액 = 0 / 주문부족금액 = 268880
[PROC_INFO] 주문부족금액 > 선입금액 :  5980 > 0
[ORDER_INFO] GPT170814NC00042 : 주문부족금액 =  3230
 [MEMBER_INFO] 1 : 선입금액 = 0 / 주문부족금액 = 268880
[PROC_INFO] 주문부족금액 > 선입금액 :  3230 > 0
[ORDER_INFO] GPT170814NC00043 : 주문부족금액 =  3230
 [MEMBER_INFO] 1 : 선입금액 = 0 / 주문부족금액 = 268880
[PROC_INFO] 주문부족금액 > 선입금액 :  3230 > 0
!----------------------
[ORDER_INFO] GPT170811BL00013 : 주문부족금액 =  48400
 [MEMBER_INFO] 1 : 선입금액 = 0 / 주문부족금액 = 268880
[PROC_INFO] 주문부족금액 > 선입금액 :  48400 > 0
[ORDER_INFO] GPT170814NC00019 : 주문부족금액 =  4950
 [MEMBER_INFO] 1 : 선입금액 = 0 / 주문부족금액 = 268880
[PROC_INFO] 주문부족금액 > 선입금액 :  4950 > 0
[ORDER_INFO] GPT170814NC00022 : 주문부족금액 =  4950
 [MEMBER_INFO] 1 : 선입금액 = 0 / 주문부족금액 = 268880
[PROC_INFO] 주문부족금액 > 선입금액 :  4950 > 0
[ORDER_INFO] GPT170814NC00028 : 주문부족금액 =  7700
 [MEMBER_INFO] 1 : 선입금액 = 0 / 주문부족금액 = 268880
[PROC_INFO] 주문부족금액 > 선입금액 :  7700 > 0
[ORDER_INFO] GPT170814NC00029 : 주문부족금액 =  5980
 [MEMBER_INFO] 1 : 선입금액 = 0 / 주문부족금액 = 268880
[PROC_INFO] 주문부족금액 > 선입금액 :  5980 > 0
[ORDER_INFO] GPT170814NC00033 : 주문부족금액 =  5980
 [MEMBER_INFO] 1 : 선입금액 = 0 / 주문부족금액 = 268880
[PROC_INFO] 주문부족금액 > 선입금액 :  5980 > 0
[ORDER_INFO] GPT170814NC00042 : 주문부족금액 =  3230
 [MEMBER_INFO] 1 : 선입금액 = 0 / 주문부족금액 = 268880
[PROC_INFO] 주문부족금액 > 선입금액 :  3230 > 0
[ORDER_INFO] GPT170814NC00043 : 주문부족금액 =  3230
 [MEMBER_INFO] 1 : 선입금액 = 0 / 주문부족금액 = 268880
[PROC_INFO] 주문부족금액 > 선입금액 :  3230 > 0
!----------------------
[ORDER_INFO] GPT170811BL00013 : 주문부족금액 =  48400
 [MEMBER_INFO] 1 : 선입금액 = 0 / 주문부족금액 = 268880
[PROC_INFO] 주문부족금액 > 선입금액 :  48400 > 0
[ORDER_INFO] GPT170814NC00019 : 주문부족금액 =  4950
 [MEMBER_INFO] 1 : 선입금액 = 0 / 주문부족금액 = 268880
[PROC_INFO] 주문부족금액 > 선입금액 :  4950 > 0
[ORDER_INFO] GPT170814NC00022 : 주문부족금액 =  4950
 [MEMBER_INFO] 1 : 선입금액 = 0 / 주문부족금액 = 268880
[PROC_INFO] 주문부족금액 > 선입금액 :  4950 > 0
[ORDER_INFO] GPT170814NC00028 : 주문부족금액 =  7700
 [MEMBER_INFO] 1 : 선입금액 = 0 / 주문부족금액 = 268880
[PROC_INFO] 주문부족금액 > 선입금액 :  7700 > 0
[ORDER_INFO] GPT170814NC00029 : 주문부족금액 =  5980
 [MEMBER_INFO] 1 : 선입금액 = 0 / 주문부족금액 = 268880
[PROC_INFO] 주문부족금액 > 선입금액 :  5980 > 0
[ORDER_INFO] GPT170814NC00033 : 주문부족금액 =  5980
 [MEMBER_INFO] 1 : 선입금액 = 0 / 주문부족금액 = 268880
[PROC_INFO] 주문부족금액 > 선입금액 :  5980 > 0
[ORDER_INFO] GPT170814NC00042 : 주문부족금액 =  3230
 [MEMBER_INFO] 1 : 선입금액 = 0 / 주문부족금액 = 268880
[PROC_INFO] 주문부족금액 > 선입금액 :  3230 > 0
[ORDER_INFO] GPT170814NC00043 : 주문부족금액 =  3230
 [MEMBER_INFO] 1 : 선입금액 = 0 / 주문부족금액 = 268880
[PROC_INFO] 주문부족금액 > 선입금액 :  3230 > 0
!----------------------
[ORDER_INFO] GPT170811BL00013 : 주문부족금액 =  48400
 [MEMBER_INFO] 1 : 선입금액 = 0 / 주문부족금액 = 268880
[PROC_INFO] 주문부족금액 > 선입금액 :  48400 > 0
[ORDER_INFO] GPT170814NC00019 : 주문부족금액 =  4950
 [MEMBER_INFO] 1 : 선입금액 = 0 / 주문부족금액 = 268880
[PROC_INFO] 주문부족금액 > 선입금액 :  4950 > 0
[ORDER_INFO] GPT170814NC00022 : 주문부족금액 =  4950
 [MEMBER_INFO] 1 : 선입금액 = 0 / 주문부족금액 = 268880
[PROC_INFO] 주문부족금액 > 선입금액 :  4950 > 0
[ORDER_INFO] GPT170814NC00028 : 주문부족금액 =  7700
 [MEMBER_INFO] 1 : 선입금액 = 0 / 주문부족금액 = 268880
[PROC_INFO] 주문부족금액 > 선입금액 :  7700 > 0
[ORDER_INFO] GPT170814NC00029 : 주문부족금액 =  5980
 [MEMBER_INFO] 1 : 선입금액 = 0 / 주문부족금액 = 268880
[PROC_INFO] 주문부족금액 > 선입금액 :  5980 > 0
[ORDER_INFO] GPT170814NC00033 : 주문부족금액 =  5980
 [MEMBER_INFO] 1 : 선입금액 = 0 / 주문부족금액 = 268880
[PROC_INFO] 주문부족금액 > 선입금액 :  5980 > 0
[ORDER_INFO] GPT170814NC00042 : 주문부족금액 =  3230
 [MEMBER_INFO] 1 : 선입금액 = 0 / 주문부족금액 = 268880
[PROC_INFO] 주문부족금액 > 선입금액 :  3230 > 0
[ORDER_INFO] GPT170814NC00043 : 주문부족금액 =  3230
 [MEMBER_INFO] 1 : 선입금액 = 0 / 주문부족금액 = 268880
[PROC_INFO] 주문부족금액 > 선입금액 :  3230 > 0
!----------------------
[ORDER_INFO] GPT170811BL00013 : 주문부족금액 =  48400
 [MEMBER_INFO] 1 : 선입금액 = 0 / 주문부족금액 = 268880
[PROC_INFO] 주문부족금액 > 선입금액 :  48400 > 0
[ORDER_INFO] GPT170814NC00019 : 주문부족금액 =  4950
 [MEMBER_INFO] 1 : 선입금액 = 0 / 주문부족금액 = 268880
[PROC_INFO] 주문부족금액 > 선입금액 :  4950 > 0
[ORDER_INFO] GPT170814NC00022 : 주문부족금액 =  4950
 [MEMBER_INFO] 1 : 선입금액 = 0 / 주문부족금액 = 268880
[PROC_INFO] 주문부족금액 > 선입금액 :  4950 > 0
[ORDER_INFO] GPT170814NC00028 : 주문부족금액 =  7700
 [MEMBER_INFO] 1 : 선입금액 = 0 / 주문부족금액 = 268880
[PROC_INFO] 주문부족금액 > 선입금액 :  7700 > 0
[ORDER_INFO] GPT170814NC00029 : 주문부족금액 =  5980
 [MEMBER_INFO] 1 : 선입금액 = 0 / 주문부족금액 = 268880
[PROC_INFO] 주문부족금액 > 선입금액 :  5980 > 0
[ORDER_INFO] GPT170814NC00033 : 주문부족금액 =  5980
 [MEMBER_INFO] 1 : 선입금액 = 0 / 주문부족금액 = 268880
[PROC_INFO] 주문부족금액 > 선입금액 :  5980 > 0
[ORDER_INFO] GPT170814NC00042 : 주문부족금액 =  3230
 [MEMBER_INFO] 1 : 선입금액 = 0 / 주문부족금액 = 268880
[PROC_INFO] 주문부족금액 > 선입금액 :  3230 > 0
[ORDER_INFO] GPT170814NC00043 : 주문부족금액 =  3230
 [MEMBER_INFO] 1 : 선입금액 = 0 / 주문부족금액 = 268880
[PROC_INFO] 주문부족금액 > 선입금액 :  3230 > 0
!----------------------
[ORDER_INFO] GPT170811BL00013 : 주문부족금액 =  48400
 [MEMBER_INFO] 1 : 선입금액 = 0 / 주문부족금액 = 268880
[PROC_INFO] 주문부족금액 > 선입금액 :  48400 > 0
[ORDER_INFO] GPT170814NC00019 : 주문부족금액 =  4950
 [MEMBER_INFO] 1 : 선입금액 = 0 / 주문부족금액 = 268880
[PROC_INFO] 주문부족금액 > 선입금액 :  4950 > 0
[ORDER_INFO] GPT170814NC00022 : 주문부족금액 =  4950
 [MEMBER_INFO] 1 : 선입금액 = 0 / 주문부족금액 = 268880
[PROC_INFO] 주문부족금액 > 선입금액 :  4950 > 0
[ORDER_INFO] GPT170814NC00028 : 주문부족금액 =  7700
 [MEMBER_INFO] 1 : 선입금액 = 0 / 주문부족금액 = 268880
[PROC_INFO] 주문부족금액 > 선입금액 :  7700 > 0
[ORDER_INFO] GPT170814NC00029 : 주문부족금액 =  5980
 [MEMBER_INFO] 1 : 선입금액 = 0 / 주문부족금액 = 268880
[PROC_INFO] 주문부족금액 > 선입금액 :  5980 > 0
[ORDER_INFO] GPT170814NC00033 : 주문부족금액 =  5980
 [MEMBER_INFO] 1 : 선입금액 = 0 / 주문부족금액 = 268880
[PROC_INFO] 주문부족금액 > 선입금액 :  5980 > 0
[ORDER_INFO] GPT170814NC00042 : 주문부족금액 =  3230
 [MEMBER_INFO] 1 : 선입금액 = 0 / 주문부족금액 = 268880
[PROC_INFO] 주문부족금액 > 선입금액 :  3230 > 0
[ORDER_INFO] GPT170814NC00043 : 주문부족금액 =  3230
 [MEMBER_INFO] 1 : 선입금액 = 0 / 주문부족금액 = 268880
[PROC_INFO] 주문부족금액 > 선입금액 :  3230 > 0
!----------------------
[ORDER_INFO] GPT170811BL00013 : 주문부족금액 =  48400
 [MEMBER_INFO] 1 : 선입금액 = 0 / 주문부족금액 = 268880
[PROC_INFO] 주문부족금액 > 선입금액 :  48400 > 0
[ORDER_INFO] GPT170814NC00019 : 주문부족금액 =  4950
 [MEMBER_INFO] 1 : 선입금액 = 0 / 주문부족금액 = 268880
[PROC_INFO] 주문부족금액 > 선입금액 :  4950 > 0
[ORDER_INFO] GPT170814NC00022 : 주문부족금액 =  4950
 [MEMBER_INFO] 1 : 선입금액 = 0 / 주문부족금액 = 268880
[PROC_INFO] 주문부족금액 > 선입금액 :  4950 > 0
[ORDER_INFO] GPT170814NC00028 : 주문부족금액 =  7700
 [MEMBER_INFO] 1 : 선입금액 = 0 / 주문부족금액 = 268880
[PROC_INFO] 주문부족금액 > 선입금액 :  7700 > 0
[ORDER_INFO] GPT170814NC00029 : 주문부족금액 =  5980
 [MEMBER_INFO] 1 : 선입금액 = 0 / 주문부족금액 = 268880
[PROC_INFO] 주문부족금액 > 선입금액 :  5980 > 0
[ORDER_INFO] GPT170814NC00033 : 주문부족금액 =  5980
 [MEMBER_INFO] 1 : 선입금액 = 0 / 주문부족금액 = 268880
[PROC_INFO] 주문부족금액 > 선입금액 :  5980 > 0
[ORDER_INFO] GPT170814NC00042 : 주문부족금액 =  3230
 [MEMBER_INFO] 1 : 선입금액 = 0 / 주문부족금액 = 268880
[PROC_INFO] 주문부족금액 > 선입금액 :  3230 > 0
[ORDER_INFO] GPT170814NC00043 : 주문부족금액 =  3230
 [MEMBER_INFO] 1 : 선입금액 = 0 / 주문부족금액 = 268880
[PROC_INFO] 주문부족금액 > 선입금액 :  3230 > 0
!----------------------
[ORDER_INFO] GPT170811BL00013 : 주문부족금액 =  48400
 [MEMBER_INFO] 1 : 선입금액 = 0 / 주문부족금액 = 268880
[PROC_INFO] 주문부족금액 > 선입금액 :  48400 > 0
[ORDER_INFO] GPT170814NC00019 : 주문부족금액 =  4950
 [MEMBER_INFO] 1 : 선입금액 = 0 / 주문부족금액 = 268880
[PROC_INFO] 주문부족금액 > 선입금액 :  4950 > 0
[ORDER_INFO] GPT170814NC00022 : 주문부족금액 =  4950
 [MEMBER_INFO] 1 : 선입금액 = 0 / 주문부족금액 = 268880
[PROC_INFO] 주문부족금액 > 선입금액 :  4950 > 0
[ORDER_INFO] GPT170814NC00028 : 주문부족금액 =  7700
 [MEMBER_INFO] 1 : 선입금액 = 0 / 주문부족금액 = 268880
[PROC_INFO] 주문부족금액 > 선입금액 :  7700 > 0
[ORDER_INFO] GPT170814NC00029 : 주문부족금액 =  5980
 [MEMBER_INFO] 1 : 선입금액 = 0 / 주문부족금액 = 268880
[PROC_INFO] 주문부족금액 > 선입금액 :  5980 > 0
[ORDER_INFO] GPT170814NC00033 : 주문부족금액 =  5980
 [MEMBER_INFO] 1 : 선입금액 = 0 / 주문부족금액 = 268880
[PROC_INFO] 주문부족금액 > 선입금액 :  5980 > 0
[ORDER_INFO] GPT170814NC00042 : 주문부족금액 =  3230
 [MEMBER_INFO] 1 : 선입금액 = 0 / 주문부족금액 = 268880
[PROC_INFO] 주문부족금액 > 선입금액 :  3230 > 0
[ORDER_INFO] GPT170814NC00043 : 주문부족금액 =  3230
 [MEMBER_INFO] 1 : 선입금액 = 0 / 주문부족금액 = 268880
[PROC_INFO] 주문부족금액 > 선입금액 :  3230 > 0
!----------------------
[ORDER_INFO] GPT170811BL00013 : 주문부족금액 =  48400
 [MEMBER_INFO] 1 : 선입금액 = 0 / 주문부족금액 = 268880
[PROC_INFO] 주문부족금액 > 선입금액 :  48400 > 0
[PROC_INFO] 선입금액 없음 :  48400 > 0
[ORDER_INFO] GPT170814NC00019 : 주문부족금액 =  4950
 [MEMBER_INFO] 1 : 선입금액 = 0 / 주문부족금액 = 268880
[PROC_INFO] 주문부족금액 > 선입금액 :  4950 > 0
[PROC_INFO] 선입금액 없음 :  4950 > 0
[ORDER_INFO] GPT170814NC00022 : 주문부족금액 =  4950
 [MEMBER_INFO] 1 : 선입금액 = 0 / 주문부족금액 = 268880
[PROC_INFO] 주문부족금액 > 선입금액 :  4950 > 0
[PROC_INFO] 선입금액 없음 :  4950 > 0
[ORDER_INFO] GPT170814NC00028 : 주문부족금액 =  7700
 [MEMBER_INFO] 1 : 선입금액 = 0 / 주문부족금액 = 268880
[PROC_INFO] 주문부족금액 > 선입금액 :  7700 > 0
[PROC_INFO] 선입금액 없음 :  7700 > 0
[ORDER_INFO] GPT170814NC00029 : 주문부족금액 =  5980
 [MEMBER_INFO] 1 : 선입금액 = 0 / 주문부족금액 = 268880
[PROC_INFO] 주문부족금액 > 선입금액 :  5980 > 0
[PROC_INFO] 선입금액 없음 :  5980 > 0
[ORDER_INFO] GPT170814NC00033 : 주문부족금액 =  5980
 [MEMBER_INFO] 1 : 선입금액 = 0 / 주문부족금액 = 268880
[PROC_INFO] 주문부족금액 > 선입금액 :  5980 > 0
[PROC_INFO] 선입금액 없음 :  5980 > 0
[ORDER_INFO] GPT170814NC00042 : 주문부족금액 =  3230
 [MEMBER_INFO] 1 : 선입금액 = 0 / 주문부족금액 = 268880
[PROC_INFO] 주문부족금액 > 선입금액 :  3230 > 0
[PROC_INFO] 선입금액 없음 :  3230 > 0
[ORDER_INFO] GPT170814NC00043 : 주문부족금액 =  3230
 [MEMBER_INFO] 1 : 선입금액 = 0 / 주문부족금액 = 268880
[PROC_INFO] 주문부족금액 > 선입금액 :  3230 > 0
[PROC_INFO] 선입금액 없음 :  3230 > 0
!----------------------
[ORDER_INFO] GPT170811BL00013 : 주문부족금액 =  48400
[MEMBER_INFO] 1 : 선입금액 = 0 / 주문부족금액 = 268880
[PROC_INFO] 주문부족금액 > 선입금액 :  48400 > 0
[PROC_INFO] 선입금액 없음 : 0
[ORDER_INFO] GPT170814NC00019 : 주문부족금액 =  4950
[MEMBER_INFO] 1 : 선입금액 = 0 / 주문부족금액 = 268880
[PROC_INFO] 주문부족금액 > 선입금액 :  4950 > 0
[PROC_INFO] 선입금액 없음 : 0
[ORDER_INFO] GPT170814NC00022 : 주문부족금액 =  4950
[MEMBER_INFO] 1 : 선입금액 = 0 / 주문부족금액 = 268880
[PROC_INFO] 주문부족금액 > 선입금액 :  4950 > 0
[PROC_INFO] 선입금액 없음 : 0
[ORDER_INFO] GPT170814NC00028 : 주문부족금액 =  7700
[MEMBER_INFO] 1 : 선입금액 = 0 / 주문부족금액 = 268880
[PROC_INFO] 주문부족금액 > 선입금액 :  7700 > 0
[PROC_INFO] 선입금액 없음 : 0
[ORDER_INFO] GPT170814NC00029 : 주문부족금액 =  5980
[MEMBER_INFO] 1 : 선입금액 = 0 / 주문부족금액 = 268880
[PROC_INFO] 주문부족금액 > 선입금액 :  5980 > 0
[PROC_INFO] 선입금액 없음 : 0
[ORDER_INFO] GPT170814NC00033 : 주문부족금액 =  5980
[MEMBER_INFO] 1 : 선입금액 = 0 / 주문부족금액 = 268880
[PROC_INFO] 주문부족금액 > 선입금액 :  5980 > 0
[PROC_INFO] 선입금액 없음 : 0
[ORDER_INFO] GPT170814NC00042 : 주문부족금액 =  3230
[MEMBER_INFO] 1 : 선입금액 = 0 / 주문부족금액 = 268880
[PROC_INFO] 주문부족금액 > 선입금액 :  3230 > 0
[PROC_INFO] 선입금액 없음 : 0
[ORDER_INFO] GPT170814NC00043 : 주문부족금액 =  3230
[MEMBER_INFO] 1 : 선입금액 = 0 / 주문부족금액 = 268880
[PROC_INFO] 주문부족금액 > 선입금액 :  3230 > 0
[PROC_INFO] 선입금액 없음 : 0
!----------------------
[ORDER_INFO] GPT170811BL00013 : 주문부족금액 =  48400
[MEMBER_INFO] 1 : 선입금액 = 0 / 주문부족금액 = 268880
[PROC_INFO] 선입금액 없음 : 0
[ORDER_INFO] GPT170814NC00019 : 주문부족금액 =  4950
[MEMBER_INFO] 1 : 선입금액 = 0 / 주문부족금액 = 268880
[PROC_INFO] 선입금액 없음 : 0
[ORDER_INFO] GPT170814NC00022 : 주문부족금액 =  4950
[MEMBER_INFO] 1 : 선입금액 = 0 / 주문부족금액 = 268880
[PROC_INFO] 선입금액 없음 : 0
[ORDER_INFO] GPT170814NC00028 : 주문부족금액 =  7700
[MEMBER_INFO] 1 : 선입금액 = 0 / 주문부족금액 = 268880
[PROC_INFO] 선입금액 없음 : 0
[ORDER_INFO] GPT170814NC00029 : 주문부족금액 =  5980
[MEMBER_INFO] 1 : 선입금액 = 0 / 주문부족금액 = 268880
[PROC_INFO] 선입금액 없음 : 0
[ORDER_INFO] GPT170814NC00033 : 주문부족금액 =  5980
[MEMBER_INFO] 1 : 선입금액 = 0 / 주문부족금액 = 268880
[PROC_INFO] 선입금액 없음 : 0
[ORDER_INFO] GPT170814NC00042 : 주문부족금액 =  3230
[MEMBER_INFO] 1 : 선입금액 = 0 / 주문부족금액 = 268880
[PROC_INFO] 선입금액 없음 : 0
[ORDER_INFO] GPT170814NC00043 : 주문부족금액 =  3230
[MEMBER_INFO] 1 : 선입금액 = 0 / 주문부족금액 = 268880
[PROC_INFO] 선입금액 없음 : 0
!----------------------
[ORDER_INFO] GPT170811BL00013 : 주문부족금액 =  48400
[MEMBER_INFO] 1 : 선입금액 = 0 / 주문부족금액 = 268880
[PROC_INFO] 선입금액 없음 : 0
[ORDER_INFO] GPT170814NC00019 : 주문부족금액 =  4950
[MEMBER_INFO] 1 : 선입금액 = 0 / 주문부족금액 = 268880
[PROC_INFO] 선입금액 없음 : 0
[ORDER_INFO] GPT170814NC00022 : 주문부족금액 =  4950
[MEMBER_INFO] 1 : 선입금액 = 0 / 주문부족금액 = 268880
[PROC_INFO] 선입금액 없음 : 0
[ORDER_INFO] GPT170814NC00028 : 주문부족금액 =  7700
[MEMBER_INFO] 1 : 선입금액 = 0 / 주문부족금액 = 268880
[PROC_INFO] 선입금액 없음 : 0
[ORDER_INFO] GPT170814NC00029 : 주문부족금액 =  5980
[MEMBER_INFO] 1 : 선입금액 = 0 / 주문부족금액 = 268880
[PROC_INFO] 선입금액 없음 : 0
[ORDER_INFO] GPT170814NC00033 : 주문부족금액 =  5980
[MEMBER_INFO] 1 : 선입금액 = 0 / 주문부족금액 = 268880
[PROC_INFO] 선입금액 없음 : 0
[ORDER_INFO] GPT170814NC00042 : 주문부족금액 =  3230
[MEMBER_INFO] 1 : 선입금액 = 0 / 주문부족금액 = 268880
[PROC_INFO] 선입금액 없음 : 0
[ORDER_INFO] GPT170814NC00043 : 주문부족금액 =  3230
[MEMBER_INFO] 1 : 선입금액 = 0 / 주문부족금액 = 268880
[PROC_INFO] 선입금액 없음 : 0
!----------------------
[ORDER_INFO] GPT170811BL00013 : 주문부족금액 =  48400
[MEMBER_INFO] 1 : 선입금액 = 100000 / 주문부족금액 = 268880
[PROC_INFO] 주문부족금액 <= 선입금액 :  48400 <= 100000
[ORDER_INFO] GPT170814NC00019 : 주문부족금액 =  4950
[MEMBER_INFO] 1 : 선입금액 = 51600 / 주문부족금액 = 220480
[PROC_INFO] 주문부족금액 <= 선입금액 :  4950 <= 51600
[ORDER_INFO] GPT170814NC00022 : 주문부족금액 =  4950
[MEMBER_INFO] 1 : 선입금액 = 46650 / 주문부족금액 = 215530
[PROC_INFO] 주문부족금액 <= 선입금액 :  4950 <= 46650
[ORDER_INFO] GPT170814NC00028 : 주문부족금액 =  7700
[MEMBER_INFO] 1 : 선입금액 = 41700 / 주문부족금액 = 210580
[PROC_INFO] 주문부족금액 <= 선입금액 :  7700 <= 41700
[ORDER_INFO] GPT170814NC00029 : 주문부족금액 =  5980
[MEMBER_INFO] 1 : 선입금액 = 34000 / 주문부족금액 = 202880
[PROC_INFO] 주문부족금액 <= 선입금액 :  5980 <= 34000
[ORDER_INFO] GPT170814NC00033 : 주문부족금액 =  5980
[MEMBER_INFO] 1 : 선입금액 = 28020 / 주문부족금액 = 196900
[PROC_INFO] 주문부족금액 <= 선입금액 :  5980 <= 28020
[ORDER_INFO] GPT170814NC00042 : 주문부족금액 =  3230
[MEMBER_INFO] 1 : 선입금액 = 22040 / 주문부족금액 = 190920
[PROC_INFO] 주문부족금액 <= 선입금액 :  3230 <= 22040
[ORDER_INFO] GPT170814NC00043 : 주문부족금액 =  3230
[MEMBER_INFO] 1 : 선입금액 = 18810 / 주문부족금액 = 187690
[PROC_INFO] 주문부족금액 <= 선입금액 :  3230 <= 18810
!----------------------
!----------------------
!----------------------
!----------------------
!----------------------
!----------------------
!----------------------
!----------------------
